#
# There is insufficient memory for the Java Runtime Environment to continue.
# Native memory allocation (mmap) failed to map 119537664 bytes. Error detail: G1 virtual space
# Possible reasons:
#   The system is out of physical RAM or swap space
#   This process is running with CompressedOops enabled, and the Java Heap may be blocking the growth of the native heap
# Possible solutions:
#   Reduce memory load on the system
#   Increase physical memory or swap space
#   Check if swap backing store is full
#   Decrease Java heap size (-Xmx/-Xms)
#   Decrease number of Java threads
#   Decrease Java thread stack sizes (-Xss)
#   Set larger code cache with -XX:ReservedCodeCacheSize=
#   JVM is running with Unscaled Compressed Oops mode in which the Java heap is
#     placed in the first 4GB address space. The Java Heap base address is the
#     maximum limit for the native heap growth. Please use -XX:HeapBaseMinAddress
#     to set the Java Heap base and to place the Java Heap above 4GB virtual address.
# This output file may be truncated or incomplete.
#
#  Out of Memory Error (os_windows.cpp:3618), pid=9480, tid=10356
#
# JRE version: OpenJDK Runtime Environment Temurin-17.0.17+10 (17.0.17+10) (build 17.0.17+10)
# Java VM: OpenJDK 64-Bit Server VM Temurin-17.0.17+10 (17.0.17+10, mixed mode, sharing, tiered, compressed oops, compressed class ptrs, g1 gc, windows-amd64)
# No core dump will be written. Minidumps are not enabled by default on client versions of Windows
#

---------------  S U M M A R Y ------------

Command Line: org.jetbrains.kotlin.cli.jvm.K2JVMCompiler @C:\ServiceApp\android\app\build\20260318_7359510240719222431.compiler.options

Host: AMD Ryzen 5 5500U with Radeon Graphics         , 12 cores, 5G,  Windows 11 , 64 bit Build 26100 (10.0.26100.7920)
Time: Wed Mar 18 15:40:51 2026 India Standard Time elapsed time: 22.164641 seconds (0d 0h 0m 22s)

---------------  T H R E A D  ---------------

Current thread (0x0000023f2af35820):  VMThread "VM Thread" [stack: 0x0000009eec400000,0x0000009eec500000] [id=10356]

Stack: [0x0000009eec400000,0x0000009eec500000]
Native frames: (J=compiled Java code, j=interpreted, Vv=VM code, C=native code)
V  [jvm.dll+0x683fb9]
V  [jvm.dll+0x83a1b5]
V  [jvm.dll+0x83bc2e]
V  [jvm.dll+0x83c2b3]
V  [jvm.dll+0x248eff]
V  [jvm.dll+0x680d79]
V  [jvm.dll+0x675b7a]
V  [jvm.dll+0x3091a7]
V  [jvm.dll+0x310776]
V  [jvm.dll+0x360bbe]
V  [jvm.dll+0x360dfd]
V  [jvm.dll+0x2e022c]
V  [jvm.dll+0x2de602]
V  [jvm.dll+0x2ddd9c]
V  [jvm.dll+0x320a3b]
V  [jvm.dll+0x840acd]
V  [jvm.dll+0x841803]
V  [jvm.dll+0x841d2f]
V  [jvm.dll+0x842115]
V  [jvm.dll+0x8421de]
V  [jvm.dll+0x7ea44c]
V  [jvm.dll+0x682e87]
C  [ucrtbase.dll+0x37b0]
C  [KERNEL32.DLL+0x2e8d7]
C  [ntdll.dll+0x8c48c]

VM_Operation (0x0000009eebefb2b0): G1CollectForAllocation, mode: safepoint, requested by thread 0x0000023f0bd2d3d0


---------------  P R O C E S S  ---------------

Threads class SMR info:
_java_thread_list=0x0000023f71810be0, length=12, elements={
0x0000023f0bd2d3d0, 0x0000023f2af3b0b0, 0x0000023f2af3b880, 0x0000023f2af5d030,
0x0000023f2af5d600, 0x0000023f2af5dbd0, 0x0000023f2af5e1a0, 0x0000023f2af62ab0,
0x0000023f2af73180, 0x0000023f2af78ca0, 0x0000023f701f0b40, 0x0000023f70201300
}

Java Threads: ( => current thread )
  0x0000023f0bd2d3d0 JavaThread "main" [_thread_blocked, id=21836, stack(0x0000009eebe00000,0x0000009eebf00000)]
  0x0000023f2af3b0b0 JavaThread "Reference Handler" daemon [_thread_blocked, id=28856, stack(0x0000009eec500000,0x0000009eec600000)]
  0x0000023f2af3b880 JavaThread "Finalizer" daemon [_thread_blocked, id=23200, stack(0x0000009eec600000,0x0000009eec700000)]
  0x0000023f2af5d030 JavaThread "Signal Dispatcher" daemon [_thread_blocked, id=11448, stack(0x0000009eec700000,0x0000009eec800000)]
  0x0000023f2af5d600 JavaThread "Attach Listener" daemon [_thread_blocked, id=3984, stack(0x0000009eec800000,0x0000009eec900000)]
  0x0000023f2af5dbd0 JavaThread "Service Thread" daemon [_thread_blocked, id=21396, stack(0x0000009eec900000,0x0000009eeca00000)]
  0x0000023f2af5e1a0 JavaThread "Monitor Deflation Thread" daemon [_thread_blocked, id=16168, stack(0x0000009eeca00000,0x0000009eecb00000)]
  0x0000023f2af62ab0 JavaThread "C2 CompilerThread0" daemon [_thread_blocked, id=18112, stack(0x0000009eecb00000,0x0000009eecc00000)]
  0x0000023f2af73180 JavaThread "C1 CompilerThread0" daemon [_thread_blocked, id=8896, stack(0x0000009eecc00000,0x0000009eecd00000)]
  0x0000023f2af78ca0 JavaThread "Sweeper thread" daemon [_thread_blocked, id=5304, stack(0x0000009eecd00000,0x0000009eece00000)]
  0x0000023f701f0b40 JavaThread "Notification Thread" daemon [_thread_blocked, id=23272, stack(0x0000009eece00000,0x0000009eecf00000)]
  0x0000023f70201300 JavaThread "Common-Cleaner" daemon [_thread_blocked, id=16392, stack(0x0000009eed000000,0x0000009eed100000)]

Other Threads:
=>0x0000023f2af35820 VMThread "VM Thread" [stack: 0x0000009eec400000,0x0000009eec500000] [id=10356]
  0x0000023f701f1020 WatcherThread [stack: 0x0000009eecf00000,0x0000009eed000000] [id=21676]
  0x0000023f0bd7a6c0 GCTaskThread "GC Thread#0" [stack: 0x0000009eebf00000,0x0000009eec000000] [id=11932]
  0x0000023f7074f1e0 GCTaskThread "GC Thread#1" [stack: 0x0000009eed100000,0x0000009eed200000] [id=18840]
  0x0000023f707753f0 GCTaskThread "GC Thread#2" [stack: 0x0000009eed200000,0x0000009eed300000] [id=17668]
  0x0000023f70787eb0 GCTaskThread "GC Thread#3" [stack: 0x0000009eed300000,0x0000009eed400000] [id=20792]
  0x0000023f70788170 GCTaskThread "GC Thread#4" [stack: 0x0000009eed400000,0x0000009eed500000] [id=9948]
  0x0000023f70788a40 GCTaskThread "GC Thread#5" [stack: 0x0000009eed500000,0x0000009eed600000] [id=18576]
  0x0000023f70a1b1b0 GCTaskThread "GC Thread#6" [stack: 0x0000009eed700000,0x0000009eed800000] [id=16472]
  0x0000023f729c1600 GCTaskThread "GC Thread#7" [stack: 0x0000009eed800000,0x0000009eed900000] [id=8816]
  0x0000023f729c18c0 GCTaskThread "GC Thread#8" [stack: 0x0000009eed900000,0x0000009eeda00000] [id=4200]
  0x0000023f72824370 GCTaskThread "GC Thread#9" [stack: 0x0000009eed600000,0x0000009eed700000] [id=21100]
  0x0000023f0bd87150 ConcurrentGCThread "G1 Main Marker" [stack: 0x0000009eec000000,0x0000009eec100000] [id=25860]
  0x0000023f0bd87cd0 ConcurrentGCThread "G1 Conc#0" [stack: 0x0000009eec100000,0x0000009eec200000] [id=15140]
  0x0000023f72822d70 ConcurrentGCThread "G1 Conc#1" [stack: 0x0000009eeda00000,0x0000009eedb00000] [id=10620]
  0x0000023f72823b30 ConcurrentGCThread "G1 Conc#2" [stack: 0x0000009eedb00000,0x0000009eedc00000] [id=19900]
  0x0000023f2adf24c0 ConcurrentGCThread "G1 Refine#0" [stack: 0x0000009eec200000,0x0000009eec300000] [id=10064]
  0x0000023f7055ca20 ConcurrentGCThread "G1 Refine#1" [stack: 0x0000009eedc00000,0x0000009eedd00000] [id=28572]
  0x0000023f2adf37c0 ConcurrentGCThread "G1 Service" [stack: 0x0000009eec300000,0x0000009eec400000] [id=26552]

Threads with active compile tasks:
C2 CompilerThread0  22202 6274       4       org.jetbrains.kotlin.utils.SmartSet::add (216 bytes)
C1 CompilerThread0  22202 7385       2       org.jetbrains.kotlin.backend.jvm.lower.JvmInlineClassLowering::visitClassNew$lambda$5 (68 bytes)

VM state: at safepoint (normal execution)

VM Mutex/Monitor currently owned by a thread:  ([mutex/lock_event])
[0x0000023f0bd29380] Threads_lock - owner thread: 0x0000023f2af35820
[0x0000023f0bd28450] Heap_lock - owner thread: 0x0000023f0bd2d3d0

Heap address: 0x00000000a2600000, size: 1498 MB, Compressed Oops mode: 32-bit

CDS archive(s) mapped at: [0x0000023f2b000000-0x0000023f2bbb0000-0x0000023f2bbb0000), size 12255232, SharedBaseAddress: 0x0000023f2b000000, ArchiveRelocationMode: 1.
Compressed class space mapped at: 0x0000023f2c000000-0x0000023f6c000000, reserved size: 1073741824
Narrow klass base: 0x0000023f2b000000, Narrow klass shift: 0, Narrow klass range: 0x100000000

GC Precious Log:
 CPUs: 12 total, 12 available
 Memory: 5989M
 Large Page Support: Disabled
 NUMA Support: Disabled
 Compressed Oops: Enabled (32-bit)
 Heap Region Size: 1M
 Heap Min Capacity: 8M
 Heap Initial Capacity: 94M
 Heap Max Capacity: 1498M
 Pre-touch: Disabled
 Parallel Workers: 10
 Concurrent Workers: 3
 Concurrent Refinement Workers: 10
 Periodic GC: Disabled

Heap:
 garbage-first heap   total 116736K, used 68808K [0x00000000a2600000, 0x0000000100000000)
  region size 1024K, 1 young (1024K), 1 survivors (1024K)
 Metaspace       used 64524K, committed 64832K, reserved 1114112K
  class space    used 7494K, committed 7616K, reserved 1048576K

Heap Regions: E=young(eden), S=young(survivor), O=old, HS=humongous(starts), HC=humongous(continues), CS=collection set, F=free, OA=open archive, CA=closed archive, TAMS=top-at-mark-start (previous, next)
|   0|0x00000000a2600000, 0x00000000a2700000, 0x00000000a2700000|100%|HS|  |TAMS 0x00000000a2700000, 0x00000000a2600000| Complete 
|   1|0x00000000a2700000, 0x00000000a2800000, 0x00000000a2800000|100%|HC|  |TAMS 0x00000000a2800000, 0x00000000a2700000| Complete 
|   2|0x00000000a2800000, 0x00000000a2900000, 0x00000000a2900000|100%|HC|  |TAMS 0x00000000a2900000, 0x00000000a2800000| Complete 
|   3|0x00000000a2900000, 0x00000000a2a00000, 0x00000000a2a00000|100%| O|  |TAMS 0x00000000a2a00000, 0x00000000a2900000| Untracked 
|   4|0x00000000a2a00000, 0x00000000a2b00000, 0x00000000a2b00000|100%| O|  |TAMS 0x00000000a2b00000, 0x00000000a2a00000| Untracked 
|   5|0x00000000a2b00000, 0x00000000a2c00000, 0x00000000a2c00000|100%| O|  |TAMS 0x00000000a2c00000, 0x00000000a2b00000| Untracked 
|   6|0x00000000a2c00000, 0x00000000a2d00000, 0x00000000a2d00000|100%| O|  |TAMS 0x00000000a2d00000, 0x00000000a2c00000| Untracked 
|   7|0x00000000a2d00000, 0x00000000a2e00000, 0x00000000a2e00000|100%| O|  |TAMS 0x00000000a2e00000, 0x00000000a2d00000| Untracked 
|   8|0x00000000a2e00000, 0x00000000a2f00000, 0x00000000a2f00000|100%| O|  |TAMS 0x00000000a2f00000, 0x00000000a2e00000| Untracked 
|   9|0x00000000a2f00000, 0x00000000a3000000, 0x00000000a3000000|100%| O|  |TAMS 0x00000000a3000000, 0x00000000a2f00000| Untracked 
|  10|0x00000000a3000000, 0x00000000a3100000, 0x00000000a3100000|100%|HS|  |TAMS 0x00000000a3100000, 0x00000000a3000000| Complete 
|  11|0x00000000a3100000, 0x00000000a3200000, 0x00000000a3200000|100%| O|  |TAMS 0x00000000a3200000, 0x00000000a3100000| Untracked 
|  12|0x00000000a3200000, 0x00000000a3300000, 0x00000000a3300000|100%| O|  |TAMS 0x00000000a3300000, 0x00000000a3200000| Untracked 
|  13|0x00000000a3300000, 0x00000000a3400000, 0x00000000a3400000|100%| O|  |TAMS 0x00000000a3400000, 0x00000000a3300000| Untracked 
|  14|0x00000000a3400000, 0x00000000a3500000, 0x00000000a3500000|100%| O|  |TAMS 0x00000000a3500000, 0x00000000a3400000| Untracked 
|  15|0x00000000a3500000, 0x00000000a3600000, 0x00000000a3600000|100%| O|  |TAMS 0x00000000a3600000, 0x00000000a3500000| Untracked 
|  16|0x00000000a3600000, 0x00000000a3700000, 0x00000000a3700000|100%| O|  |TAMS 0x00000000a3700000, 0x00000000a3600000| Untracked 
|  17|0x00000000a3700000, 0x00000000a3800000, 0x00000000a3800000|100%| O|  |TAMS 0x00000000a3800000, 0x00000000a3700000| Untracked 
|  18|0x00000000a3800000, 0x00000000a3900000, 0x00000000a3900000|100%| O|  |TAMS 0x00000000a3900000, 0x00000000a3800000| Untracked 
|  19|0x00000000a3900000, 0x00000000a3a00000, 0x00000000a3a00000|100%| O|  |TAMS 0x00000000a3a00000, 0x00000000a3900000| Untracked 
|  20|0x00000000a3a00000, 0x00000000a3b00000, 0x00000000a3b00000|100%| O|  |TAMS 0x00000000a3b00000, 0x00000000a3a00000| Untracked 
|  21|0x00000000a3b00000, 0x00000000a3c00000, 0x00000000a3c00000|100%| O|  |TAMS 0x00000000a3c00000, 0x00000000a3b00000| Untracked 
|  22|0x00000000a3c00000, 0x00000000a3d00000, 0x00000000a3d00000|100%| O|  |TAMS 0x00000000a3d00000, 0x00000000a3c00000| Untracked 
|  23|0x00000000a3d00000, 0x00000000a3e00000, 0x00000000a3e00000|100%| O|  |TAMS 0x00000000a3e00000, 0x00000000a3d00000| Untracked 
|  24|0x00000000a3e00000, 0x00000000a3f00000, 0x00000000a3f00000|100%| O|  |TAMS 0x00000000a3f00000, 0x00000000a3e00000| Untracked 
|  25|0x00000000a3f00000, 0x00000000a4000000, 0x00000000a4000000|100%| O|  |TAMS 0x00000000a4000000, 0x00000000a3f00000| Untracked 
|  26|0x00000000a4000000, 0x00000000a4100000, 0x00000000a4100000|100%| O|  |TAMS 0x00000000a4100000, 0x00000000a4000000| Untracked 
|  27|0x00000000a4100000, 0x00000000a4200000, 0x00000000a4200000|100%| O|  |TAMS 0x00000000a4200000, 0x00000000a4100000| Untracked 
|  28|0x00000000a4200000, 0x00000000a4300000, 0x00000000a4300000|100%| O|  |TAMS 0x00000000a4300000, 0x00000000a4200000| Untracked 
|  29|0x00000000a4300000, 0x00000000a4400000, 0x00000000a4400000|100%| O|  |TAMS 0x00000000a4400000, 0x00000000a4300000| Untracked 
|  30|0x00000000a4400000, 0x00000000a4500000, 0x00000000a4500000|100%| O|  |TAMS 0x00000000a4400000, 0x00000000a4400000| Untracked 
|  31|0x00000000a4500000, 0x00000000a4600000, 0x00000000a4600000|100%| O|  |TAMS 0x00000000a4600000, 0x00000000a4500000| Untracked 
|  32|0x00000000a4600000, 0x00000000a4600000, 0x00000000a4700000|  0%| F|  |TAMS 0x00000000a4600000, 0x00000000a4600000| Untracked 
|  33|0x00000000a4700000, 0x00000000a4800000, 0x00000000a4800000|100%| O|  |TAMS 0x00000000a4800000, 0x00000000a4700000| Untracked 
|  34|0x00000000a4800000, 0x00000000a4900000, 0x00000000a4900000|100%| O|  |TAMS 0x00000000a4900000, 0x00000000a4800000| Untracked 
|  35|0x00000000a4900000, 0x00000000a4a00000, 0x00000000a4a00000|100%| O|  |TAMS 0x00000000a4a00000, 0x00000000a4900000| Untracked 
|  36|0x00000000a4a00000, 0x00000000a4b00000, 0x00000000a4b00000|100%| O|  |TAMS 0x00000000a4b00000, 0x00000000a4a00000| Untracked 
|  37|0x00000000a4b00000, 0x00000000a4c00000, 0x00000000a4c00000|100%| O|  |TAMS 0x00000000a4c00000, 0x00000000a4b00000| Untracked 
|  38|0x00000000a4c00000, 0x00000000a4d00000, 0x00000000a4d00000|100%| O|  |TAMS 0x00000000a4d00000, 0x00000000a4c00000| Untracked 
|  39|0x00000000a4d00000, 0x00000000a4e00000, 0x00000000a4e00000|100%| O|  |TAMS 0x00000000a4e00000, 0x00000000a4d00000| Untracked 
|  40|0x00000000a4e00000, 0x00000000a4f00000, 0x00000000a4f00000|100%| O|  |TAMS 0x00000000a4f00000, 0x00000000a4e00000| Untracked 
|  41|0x00000000a4f00000, 0x00000000a5000000, 0x00000000a5000000|100%| O|  |TAMS 0x00000000a5000000, 0x00000000a4f00000| Untracked 
|  42|0x00000000a5000000, 0x00000000a5100000, 0x00000000a5100000|100%| O|  |TAMS 0x00000000a5100000, 0x00000000a5000000| Untracked 
|  43|0x00000000a5100000, 0x00000000a5200000, 0x00000000a5200000|100%| O|  |TAMS 0x00000000a5200000, 0x00000000a5100000| Untracked 
|  44|0x00000000a5200000, 0x00000000a5300000, 0x00000000a5300000|100%| O|  |TAMS 0x00000000a5300000, 0x00000000a5200000| Untracked 
|  45|0x00000000a5300000, 0x00000000a5400000, 0x00000000a5400000|100%| O|  |TAMS 0x00000000a5400000, 0x00000000a5300000| Untracked 
|  46|0x00000000a5400000, 0x00000000a5500000, 0x00000000a5500000|100%| O|  |TAMS 0x00000000a5500000, 0x00000000a5400000| Untracked 
|  47|0x00000000a5500000, 0x00000000a5600000, 0x00000000a5600000|100%| O|  |TAMS 0x00000000a5600000, 0x00000000a5500000| Untracked 
|  48|0x00000000a5600000, 0x00000000a5700000, 0x00000000a5700000|100%| O|  |TAMS 0x00000000a5700000, 0x00000000a5600000| Untracked 
|  49|0x00000000a5700000, 0x00000000a5800000, 0x00000000a5800000|100%| O|  |TAMS 0x00000000a5800000, 0x00000000a5700000| Untracked 
|  50|0x00000000a5800000, 0x00000000a5900000, 0x00000000a5900000|100%| O|  |TAMS 0x00000000a5900000, 0x00000000a5800000| Untracked 
|  51|0x00000000a5900000, 0x00000000a5a00000, 0x00000000a5a00000|100%| O|  |TAMS 0x00000000a5a00000, 0x00000000a5900000| Untracked 
|  52|0x00000000a5a00000, 0x00000000a5b00000, 0x00000000a5b00000|100%| O|  |TAMS 0x00000000a5b00000, 0x00000000a5a00000| Untracked 
|  53|0x00000000a5b00000, 0x00000000a5c00000, 0x00000000a5c00000|100%| O|  |TAMS 0x00000000a5c00000, 0x00000000a5b00000| Untracked 
|  54|0x00000000a5c00000, 0x00000000a5d00000, 0x00000000a5d00000|100%| O|  |TAMS 0x00000000a5d00000, 0x00000000a5c00000| Untracked 
|  55|0x00000000a5d00000, 0x00000000a5e00000, 0x00000000a5e00000|100%| O|  |TAMS 0x00000000a5e00000, 0x00000000a5d00000| Untracked 
|  56|0x00000000a5e00000, 0x00000000a5f00000, 0x00000000a5f00000|100%| O|  |TAMS 0x00000000a5f00000, 0x00000000a5e00000| Untracked 
|  57|0x00000000a5f00000, 0x00000000a6000000, 0x00000000a6000000|100%| O|  |TAMS 0x00000000a6000000, 0x00000000a5f00000| Untracked 
|  58|0x00000000a6000000, 0x00000000a6100000, 0x00000000a6100000|100%| O|  |TAMS 0x00000000a6100000, 0x00000000a6000000| Untracked 
|  59|0x00000000a6100000, 0x00000000a6200000, 0x00000000a6200000|100%| O|  |TAMS 0x00000000a6200000, 0x00000000a6100000| Untracked 
|  60|0x00000000a6200000, 0x00000000a6300000, 0x00000000a6300000|100%| O|  |TAMS 0x00000000a6300000, 0x00000000a6200000| Untracked 
|  61|0x00000000a6300000, 0x00000000a6400000, 0x00000000a6400000|100%| O|  |TAMS 0x00000000a6400000, 0x00000000a6300000| Untracked 
|  62|0x00000000a6400000, 0x00000000a6500000, 0x00000000a6500000|100%| O|  |TAMS 0x00000000a6500000, 0x00000000a6400000| Untracked 
|  63|0x00000000a6500000, 0x00000000a6600000, 0x00000000a6600000|100%| O|  |TAMS 0x00000000a65f4600, 0x00000000a6500000| Untracked 
|  64|0x00000000a6600000, 0x00000000a6700000, 0x00000000a6700000|100%| O|  |TAMS 0x00000000a6600000, 0x00000000a6600000| Untracked 
|  65|0x00000000a6700000, 0x00000000a6800000, 0x00000000a6800000|100%| O|  |TAMS 0x00000000a6700000, 0x00000000a6700000| Untracked 
|  66|0x00000000a6800000, 0x00000000a6900000, 0x00000000a6900000|100%| O|  |TAMS 0x00000000a6800000, 0x00000000a6800000| Untracked 
|  67|0x00000000a6900000, 0x00000000a6932200, 0x00000000a6a00000| 19%| O|  |TAMS 0x00000000a6900000, 0x00000000a6900000| Untracked 
|  68|0x00000000a6a00000, 0x00000000a6a00000, 0x00000000a6b00000|  0%| F|  |TAMS 0x00000000a6a00000, 0x00000000a6a00000| Untracked 
|  69|0x00000000a6b00000, 0x00000000a6b00000, 0x00000000a6c00000|  0%| F|  |TAMS 0x00000000a6b00000, 0x00000000a6b00000| Untracked 
|  70|0x00000000a6c00000, 0x00000000a6c00000, 0x00000000a6d00000|  0%| F|  |TAMS 0x00000000a6c00000, 0x00000000a6c00000| Untracked 
|  71|0x00000000a6d00000, 0x00000000a6d00000, 0x00000000a6e00000|  0%| F|  |TAMS 0x00000000a6d00000, 0x00000000a6d00000| Untracked 
|  72|0x00000000a6e00000, 0x00000000a6e00000, 0x00000000a6f00000|  0%| F|  |TAMS 0x00000000a6e00000, 0x00000000a6e00000| Untracked 
|  73|0x00000000a6f00000, 0x00000000a6f00000, 0x00000000a7000000|  0%| F|  |TAMS 0x00000000a6f00000, 0x00000000a6f00000| Untracked 
|  74|0x00000000a7000000, 0x00000000a7000000, 0x00000000a7100000|  0%| F|  |TAMS 0x00000000a7000000, 0x00000000a7000000| Untracked 
|  75|0x00000000a7100000, 0x00000000a7100000, 0x00000000a7200000|  0%| F|  |TAMS 0x00000000a7100000, 0x00000000a7100000| Untracked 
|  76|0x00000000a7200000, 0x00000000a7200000, 0x00000000a7300000|  0%| F|  |TAMS 0x00000000a7200000, 0x00000000a7200000| Untracked 
|  77|0x00000000a7300000, 0x00000000a7300000, 0x00000000a7400000|  0%| F|  |TAMS 0x00000000a7300000, 0x00000000a7300000| Untracked 
|  78|0x00000000a7400000, 0x00000000a7400000, 0x00000000a7500000|  0%| F|  |TAMS 0x00000000a7400000, 0x00000000a7400000| Untracked 
|  79|0x00000000a7500000, 0x00000000a7500000, 0x00000000a7600000|  0%| F|  |TAMS 0x00000000a7500000, 0x00000000a7500000| Untracked 
|  80|0x00000000a7600000, 0x00000000a7600000, 0x00000000a7700000|  0%| F|  |TAMS 0x00000000a7600000, 0x00000000a7600000| Untracked 
|  81|0x00000000a7700000, 0x00000000a7700000, 0x00000000a7800000|  0%| F|  |TAMS 0x00000000a7700000, 0x00000000a7700000| Untracked 
|  82|0x00000000a7800000, 0x00000000a7800000, 0x00000000a7900000|  0%| F|  |TAMS 0x00000000a7800000, 0x00000000a7800000| Untracked 
|  83|0x00000000a7900000, 0x00000000a7900000, 0x00000000a7a00000|  0%| F|  |TAMS 0x00000000a7900000, 0x00000000a7900000| Untracked 
|  84|0x00000000a7a00000, 0x00000000a7a00000, 0x00000000a7b00000|  0%| F|  |TAMS 0x00000000a7a00000, 0x00000000a7a00000| Untracked 
|  85|0x00000000a7b00000, 0x00000000a7b00000, 0x00000000a7c00000|  0%| F|  |TAMS 0x00000000a7b00000, 0x00000000a7b00000| Untracked 
|  86|0x00000000a7c00000, 0x00000000a7c00000, 0x00000000a7d00000|  0%| F|  |TAMS 0x00000000a7c00000, 0x00000000a7c00000| Untracked 
|  87|0x00000000a7d00000, 0x00000000a7d00000, 0x00000000a7e00000|  0%| F|  |TAMS 0x00000000a7d00000, 0x00000000a7d00000| Untracked 
|  88|0x00000000a7e00000, 0x00000000a7e00000, 0x00000000a7f00000|  0%| F|  |TAMS 0x00000000a7e00000, 0x00000000a7e00000| Untracked 
|  89|0x00000000a7f00000, 0x00000000a7f00000, 0x00000000a8000000|  0%| F|  |TAMS 0x00000000a7f00000, 0x00000000a7f00000| Untracked 
|  90|0x00000000a8000000, 0x00000000a8000000, 0x00000000a8100000|  0%| F|  |TAMS 0x00000000a8000000, 0x00000000a8000000| Untracked 
|  91|0x00000000a8100000, 0x00000000a8100000, 0x00000000a8200000|  0%| F|  |TAMS 0x00000000a8100000, 0x00000000a8100000| Untracked 
|  92|0x00000000a8200000, 0x00000000a8200000, 0x00000000a8300000|  0%| F|  |TAMS 0x00000000a8200000, 0x00000000a8200000| Untracked 
|  93|0x00000000a8300000, 0x00000000a8300000, 0x00000000a8400000|  0%| F|  |TAMS 0x00000000a8300000, 0x00000000a8300000| Untracked 
|  94|0x00000000a8400000, 0x00000000a8400000, 0x00000000a8500000|  0%| F|  |TAMS 0x00000000a8400000, 0x00000000a8400000| Untracked 
|  95|0x00000000a8500000, 0x00000000a8500000, 0x00000000a8600000|  0%| F|  |TAMS 0x00000000a8500000, 0x00000000a8500000| Untracked 
|  96|0x00000000a8600000, 0x00000000a8600000, 0x00000000a8700000|  0%| F|  |TAMS 0x00000000a8600000, 0x00000000a8600000| Untracked 
|  97|0x00000000a8700000, 0x00000000a8700000, 0x00000000a8800000|  0%| F|  |TAMS 0x00000000a8700000, 0x00000000a8700000| Untracked 
|  98|0x00000000a8800000, 0x00000000a8800000, 0x00000000a8900000|  0%| F|  |TAMS 0x00000000a8800000, 0x00000000a8800000| Untracked 
|  99|0x00000000a8900000, 0x00000000a8900000, 0x00000000a8a00000|  0%| F|  |TAMS 0x00000000a8900000, 0x00000000a8900000| Untracked 
| 100|0x00000000a8a00000, 0x00000000a8a00000, 0x00000000a8b00000|  0%| F|  |TAMS 0x00000000a8a00000, 0x00000000a8a00000| Untracked 
| 101|0x00000000a8b00000, 0x00000000a8b00000, 0x00000000a8c00000|  0%| F|  |TAMS 0x00000000a8b00000, 0x00000000a8b00000| Untracked 
| 102|0x00000000a8c00000, 0x00000000a8c00000, 0x00000000a8d00000|  0%| F|  |TAMS 0x00000000a8c00000, 0x00000000a8c00000| Untracked 
| 103|0x00000000a8d00000, 0x00000000a8d00000, 0x00000000a8e00000|  0%| F|  |TAMS 0x00000000a8d00000, 0x00000000a8d00000| Untracked 
| 104|0x00000000a8e00000, 0x00000000a8e00000, 0x00000000a8f00000|  0%| F|  |TAMS 0x00000000a8e00000, 0x00000000a8e00000| Untracked 
| 105|0x00000000a8f00000, 0x00000000a8f00000, 0x00000000a9000000|  0%| F|  |TAMS 0x00000000a8f00000, 0x00000000a8f00000| Untracked 
| 106|0x00000000a9000000, 0x00000000a9000000, 0x00000000a9100000|  0%| F|  |TAMS 0x00000000a9000000, 0x00000000a9000000| Untracked 
| 107|0x00000000a9100000, 0x00000000a9100000, 0x00000000a9200000|  0%| F|  |TAMS 0x00000000a9100000, 0x00000000a9100000| Untracked 
| 108|0x00000000a9200000, 0x00000000a9200000, 0x00000000a9300000|  0%| F|  |TAMS 0x00000000a9200000, 0x00000000a9200000| Untracked 
| 109|0x00000000a9300000, 0x00000000a9300000, 0x00000000a9400000|  0%| F|  |TAMS 0x00000000a9300000, 0x00000000a9300000| Untracked 
| 110|0x00000000a9400000, 0x00000000a9500000, 0x00000000a9500000|100%| S|CS|TAMS 0x00000000a9400000, 0x00000000a9400000| Complete 
| 111|0x00000000a9500000, 0x00000000a9500000, 0x00000000a9600000|  0%| F|  |TAMS 0x00000000a9500000, 0x00000000a9500000| Untracked 
| 112|0x00000000a9600000, 0x00000000a9600000, 0x00000000a9700000|  0%| F|  |TAMS 0x00000000a9600000, 0x00000000a9600000| Untracked 
| 113|0x00000000a9700000, 0x00000000a9700000, 0x00000000a9800000|  0%| F|  |TAMS 0x00000000a9700000, 0x00000000a9700000| Untracked 

Card table byte_map: [0x0000023f24de0000,0x0000023f250d0000] _byte_map_base: 0x0000023f248cd000

Marking Bits (Prev, Next): (CMBitMap*) 0x0000023f0bd7ad20, (CMBitMap*) 0x0000023f0bd7ace0
 Prev Bits: [0x0000023f26b30000, 0x0000023f28298000)
 Next Bits: [0x0000023f253c0000, 0x0000023f26b28000)

Polling page: 0x0000023f0ba40000

Metaspace:

Usage:
  Non-class:     55.69 MB used.
      Class:      7.32 MB used.
       Both:     63.01 MB used.

Virtual space:
  Non-class space:       64.00 MB reserved,      55.88 MB ( 87%) committed,  1 nodes.
      Class space:        1.00 GB reserved,       7.44 MB ( <1%) committed,  1 nodes.
             Both:        1.06 GB reserved,      63.31 MB (  6%) committed. 

Chunk freelists:
   Non-Class:  7.11 MB
       Class:  8.58 MB
        Both:  15.69 MB

MaxMetaspaceSize: unlimited
CompressedClassSpaceSize: 1.00 GB
Initial GC threshold: 21.00 MB
Current GC threshold: 99.19 MB
CDS: on
MetaspaceReclaimPolicy: balanced
 - commit_granule_bytes: 65536.
 - commit_granule_words: 8192.
 - virtual_space_node_default_size: 8388608.
 - enlarge_chunks_in_place: 1.
 - new_chunks_are_fully_committed: 0.
 - uncommit_free_chunks: 1.
 - use_allocation_guard: 0.
 - handle_deallocations: 1.


Internal statistics:

num_allocs_failed_limit: 6.
num_arena_births: 320.
num_arena_deaths: 0.
num_vsnodes_births: 2.
num_vsnodes_deaths: 0.
num_space_committed: 1013.
num_space_uncommitted: 0.
num_chunks_returned_to_freelist: 6.
num_chunks_taken_from_freelist: 2551.
num_chunk_merges: 6.
num_chunk_splits: 2105.
num_chunks_enlarged: 1925.
num_inconsistent_stats: 0.

CodeHeap 'non-profiled nmethods': size=120000Kb used=2477Kb max_used=2477Kb free=117522Kb
 bounds [0x0000023f1c940000, 0x0000023f1cbb0000, 0x0000023f23e70000]
CodeHeap 'profiled nmethods': size=120000Kb used=16972Kb max_used=16972Kb free=103027Kb
 bounds [0x0000023f14e70000, 0x0000023f15f10000, 0x0000023f1c3a0000]
CodeHeap 'non-nmethods': size=5760Kb used=1416Kb max_used=1451Kb free=4343Kb
 bounds [0x0000023f1c3a0000, 0x0000023f1c610000, 0x0000023f1c940000]
 total_blobs=7293 nmethods=6537 adapters=667
 compilation: enabled
              stopped_count=0, restarted_count=0
 full_count=0

Compilation events (20 events):
Event: 21.044 Thread 0x0000023f2af73180 nmethod 7367 0x0000023f15efc910 code [0x0000023f15efcac0, 0x0000023f15efcc08]
Event: 21.044 Thread 0x0000023f2af73180 7368       3       org.jetbrains.kotlin.fir.lazy.Fir2IrLazySimpleFunction::returnType_delegate$lambda$0 (24 bytes)
Event: 21.045 Thread 0x0000023f2af73180 nmethod 7368 0x0000023f15efcc90 code [0x0000023f15efcf20, 0x0000023f15efdb68]
Event: 21.045 Thread 0x0000023f2af73180 7381       3       org.jetbrains.kotlin.backend.jvm.MemoizedValueClassAbstractReplacements::computeOverrideReplacement (32 bytes)
Event: 21.046 Thread 0x0000023f2af73180 nmethod 7381 0x0000023f15efdf90 code [0x0000023f15efe200, 0x0000023f15efebf8]
Event: 21.046 Thread 0x0000023f2af73180 7380       3       org.jetbrains.kotlin.storage.LockBasedStorageManager$MapBasedMemoizedFunctionToNotNull::invoke (56 bytes)
Event: 21.046 Thread 0x0000023f2af73180 nmethod 7380 0x0000023f15efef90 code [0x0000023f15eff140, 0x0000023f15eff2f8]
Event: 21.046 Thread 0x0000023f2af73180 7382       3       org.jetbrains.kotlin.backend.jvm.MemoizedValueClassAbstractReplacements$$Lambda$1193/0x0000023f2c6d8a08::invoke (12 bytes)
Event: 21.046 Thread 0x0000023f2af73180 nmethod 7382 0x0000023f15eff410 code [0x0000023f15eff5c0, 0x0000023f15eff7e8]
Event: 21.046 Thread 0x0000023f2af73180 7383       3       org.jetbrains.kotlin.ir.util.TransformKt::replaceInPlace (125 bytes)
Event: 21.047 Thread 0x0000023f2af73180 nmethod 7383 0x0000023f15eff890 code [0x0000023f15effba0, 0x0000023f15f00e88]
Event: 21.047 Thread 0x0000023f2af73180 7362       2       org.jetbrains.kotlin.backend.common.IrElementTransformerVoidWithContext::access$unsafeEnterScope (6 bytes)
Event: 21.047 Thread 0x0000023f2af73180 nmethod 7362 0x0000023f15f01490 code [0x0000023f15f016c0, 0x0000023f15f01b58]
Event: 21.048 Thread 0x0000023f2af73180 7387       2       org.jetbrains.kotlin.backend.common.IrElementTransformerVoidWithContext::access$unsafeLeaveScope (5 bytes)
Event: 21.048 Thread 0x0000023f2af73180 nmethod 7387 0x0000023f15f01e90 code [0x0000023f15f02080, 0x0000023f15f02358]
Event: 21.048 Thread 0x0000023f2af73180 7363       2       org.jetbrains.kotlin.backend.common.IrElementTransformerVoidWithContext::unsafeEnterScope (20 bytes)
Event: 21.048 Thread 0x0000023f2af73180 nmethod 7363 0x0000023f15f02590 code [0x0000023f15f027c0, 0x0000023f15f02c78]
Event: 21.048 Thread 0x0000023f2af73180 7384       2       org.jetbrains.kotlin.backend.jvm.lower.JvmInlineClassLowering$$Lambda$1236/0x0000023f2c76ade8::invoke (12 bytes)
Event: 21.048 Thread 0x0000023f2af73180 nmethod 7384 0x0000023f15f02f90 code [0x0000023f15f03140, 0x0000023f15f032c8]
Event: 21.048 Thread 0x0000023f2af73180 7385       2       org.jetbrains.kotlin.backend.jvm.lower.JvmInlineClassLowering::visitClassNew$lambda$5 (68 bytes)

GC Heap History (20 events):
Event: 12.073 GC heap after
{Heap after GC invocations=11 (full 0):
 garbage-first heap   total 89088K, used 37888K [0x00000000a2600000, 0x0000000100000000)
  region size 1024K, 4 young (4096K), 4 survivors (4096K)
 Metaspace       used 40917K, committed 41216K, reserved 1114112K
  class space    used 4894K, committed 5056K, reserved 1048576K
}
Event: 14.023 GC heap before
{Heap before GC invocations=11 (full 0):
 garbage-first heap   total 89088K, used 65536K [0x00000000a2600000, 0x0000000100000000)
  region size 1024K, 31 young (31744K), 4 survivors (4096K)
 Metaspace       used 48012K, committed 48320K, reserved 1114112K
  class space    used 5822K, committed 5952K, reserved 1048576K
}
Event: 14.045 GC heap after
{Heap after GC invocations=12 (full 0):
 garbage-first heap   total 89088K, used 41266K [0x00000000a2600000, 0x0000000100000000)
  region size 1024K, 3 young (3072K), 3 survivors (3072K)
 Metaspace       used 48012K, committed 48320K, reserved 1114112K
  class space    used 5822K, committed 5952K, reserved 1048576K
}
Event: 15.440 GC heap before
{Heap before GC invocations=12 (full 0):
 garbage-first heap   total 89088K, used 65842K [0x00000000a2600000, 0x0000000100000000)
  region size 1024K, 28 young (28672K), 3 survivors (3072K)
 Metaspace       used 50301K, committed 50624K, reserved 1114112K
  class space    used 6056K, committed 6208K, reserved 1048576K
}
Event: 15.474 GC heap after
{Heap after GC invocations=13 (full 0):
 garbage-first heap   total 89088K, used 45056K [0x00000000a2600000, 0x0000000100000000)
  region size 1024K, 4 young (4096K), 4 survivors (4096K)
 Metaspace       used 50301K, committed 50624K, reserved 1114112K
  class space    used 6056K, committed 6208K, reserved 1048576K
}
Event: 16.807 GC heap before
{Heap before GC invocations=13 (full 0):
 garbage-first heap   total 89088K, used 68608K [0x00000000a2600000, 0x0000000100000000)
  region size 1024K, 27 young (27648K), 4 survivors (4096K)
 Metaspace       used 50557K, committed 50880K, reserved 1114112K
  class space    used 6058K, committed 6208K, reserved 1048576K
}
Event: 16.846 GC heap after
{Heap after GC invocations=14 (full 0):
 garbage-first heap   total 107520K, used 49991K [0x00000000a2600000, 0x0000000100000000)
  region size 1024K, 4 young (4096K), 4 survivors (4096K)
 Metaspace       used 50557K, committed 50880K, reserved 1114112K
  class space    used 6058K, committed 6208K, reserved 1048576K
}
Event: 17.851 GC heap before
{Heap before GC invocations=15 (full 0):
 garbage-first heap   total 107520K, used 80711K [0x00000000a2600000, 0x0000000100000000)
  region size 1024K, 35 young (35840K), 4 survivors (4096K)
 Metaspace       used 54532K, committed 54912K, reserved 1114112K
  class space    used 6431K, committed 6592K, reserved 1048576K
}
Event: 17.873 GC heap after
{Heap after GC invocations=16 (full 0):
 garbage-first heap   total 107520K, used 54272K [0x00000000a2600000, 0x0000000100000000)
  region size 1024K, 4 young (4096K), 4 survivors (4096K)
 Metaspace       used 54532K, committed 54912K, reserved 1114112K
  class space    used 6431K, committed 6592K, reserved 1048576K
}
Event: 19.005 GC heap before
{Heap before GC invocations=16 (full 0):
 garbage-first heap   total 107520K, used 82944K [0x00000000a2600000, 0x0000000100000000)
  region size 1024K, 32 young (32768K), 4 survivors (4096K)
 Metaspace       used 56708K, committed 57024K, reserved 1114112K
  class space    used 6608K, committed 6720K, reserved 1048576K
}
Event: 19.031 GC heap after
{Heap after GC invocations=17 (full 0):
 garbage-first heap   total 107520K, used 59392K [0x00000000a2600000, 0x0000000100000000)
  region size 1024K, 4 young (4096K), 4 survivors (4096K)
 Metaspace       used 56708K, committed 57024K, reserved 1114112K
  class space    used 6608K, committed 6720K, reserved 1048576K
}
Event: 19.570 GC heap before
{Heap before GC invocations=18 (full 0):
 garbage-first heap   total 107520K, used 83968K [0x00000000a2600000, 0x0000000100000000)
  region size 1024K, 28 young (28672K), 4 survivors (4096K)
 Metaspace       used 57495K, committed 57792K, reserved 1114112K
  class space    used 6659K, committed 6784K, reserved 1048576K
}
Event: 19.600 GC heap after
{Heap after GC invocations=19 (full 0):
 garbage-first heap   total 107520K, used 64512K [0x00000000a2600000, 0x0000000100000000)
  region size 1024K, 4 young (4096K), 4 survivors (4096K)
 Metaspace       used 57495K, committed 57792K, reserved 1114112K
  class space    used 6659K, committed 6784K, reserved 1048576K
}
Event: 19.626 GC heap before
{Heap before GC invocations=19 (full 0):
 garbage-first heap   total 107520K, used 65536K [0x00000000a2600000, 0x0000000100000000)
  region size 1024K, 5 young (5120K), 4 survivors (4096K)
 Metaspace       used 57498K, committed 57792K, reserved 1114112K
  class space    used 6659K, committed 6784K, reserved 1048576K
}
Event: 19.635 GC heap after
{Heap after GC invocations=20 (full 0):
 garbage-first heap   total 107520K, used 65282K [0x00000000a2600000, 0x0000000100000000)
  region size 1024K, 1 young (1024K), 1 survivors (1024K)
 Metaspace       used 57498K, committed 57792K, reserved 1114112K
  class space    used 6659K, committed 6784K, reserved 1048576K
}
Event: 20.309 GC heap before
{Heap before GC invocations=20 (full 0):
 garbage-first heap   total 107520K, used 83714K [0x00000000a2600000, 0x0000000100000000)
  region size 1024K, 20 young (20480K), 1 survivors (1024K)
 Metaspace       used 60318K, committed 60608K, reserved 1114112K
  class space    used 6909K, committed 7040K, reserved 1048576K
}
Event: 20.357 GC heap after
{Heap after GC invocations=21 (full 0):
 garbage-first heap   total 107520K, used 67006K [0x00000000a2600000, 0x0000000100000000)
  region size 1024K, 3 young (3072K), 3 survivors (3072K)
 Metaspace       used 60318K, committed 60608K, reserved 1114112K
  class space    used 6909K, committed 7040K, reserved 1048576K
}
Event: 20.948 GC heap before
{Heap before GC invocations=22 (full 0):
 garbage-first heap   total 116736K, used 85438K [0x00000000a2600000, 0x0000000100000000)
  region size 1024K, 21 young (21504K), 3 survivors (3072K)
 Metaspace       used 64361K, committed 64640K, reserved 1114112K
  class space    used 7490K, committed 7616K, reserved 1048576K
}
Event: 20.960 GC heap after
{Heap after GC invocations=23 (full 0):
 garbage-first heap   total 116736K, used 68130K [0x00000000a2600000, 0x0000000100000000)
  region size 1024K, 2 young (2048K), 2 survivors (2048K)
 Metaspace       used 64361K, committed 64640K, reserved 1114112K
  class space    used 7490K, committed 7616K, reserved 1048576K
}
Event: 21.049 GC heap before
{Heap before GC invocations=23 (full 0):
 garbage-first heap   total 116736K, used 70178K [0x00000000a2600000, 0x0000000100000000)
  region size 1024K, 5 young (5120K), 2 survivors (2048K)
 Metaspace       used 64524K, committed 64832K, reserved 1114112K
  class space    used 7494K, committed 7616K, reserved 1048576K
}

Dll operation events (7 events):
Event: 0.031 Loaded shared library C:\Users\srira\AppData\Local\Programs\Eclipse Adoptium\jdk-17.0.17.10-hotspot\bin\java.dll
Event: 0.165 Loaded shared library C:\Users\srira\AppData\Local\Programs\Eclipse Adoptium\jdk-17.0.17.10-hotspot\bin\jsvml.dll
Event: 0.269 Loaded shared library C:\Users\srira\AppData\Local\Programs\Eclipse Adoptium\jdk-17.0.17.10-hotspot\bin\net.dll
Event: 0.278 Loaded shared library C:\Users\srira\AppData\Local\Programs\Eclipse Adoptium\jdk-17.0.17.10-hotspot\bin\nio.dll
Event: 0.333 Loaded shared library C:\Users\srira\AppData\Local\Programs\Eclipse Adoptium\jdk-17.0.17.10-hotspot\bin\zip.dll
Event: 0.448 Loaded shared library C:\Users\srira\AppData\Local\Programs\Eclipse Adoptium\jdk-17.0.17.10-hotspot\bin\jimage.dll
Event: 4.256 Loaded shared library C:\Users\srira\AppData\Local\Programs\Eclipse Adoptium\jdk-17.0.17.10-hotspot\bin\verify.dll

Deoptimization events (20 events):
Event: 19.953 Thread 0x0000023f0bd2d3d0 DEOPT PACKING pc=0x0000023f1cb07f4c sp=0x0000009eebefd1b0
Event: 19.953 Thread 0x0000023f0bd2d3d0 DEOPT UNPACKING pc=0x0000023f1c3f69a3 sp=0x0000009eebefd110 mode 2
Event: 20.899 Thread 0x0000023f0bd2d3d0 Uncommon trap: trap_request=0xffffff45 fr.pc=0x0000023f1ca4e114 relative=0x00000000000000f4
Event: 20.899 Thread 0x0000023f0bd2d3d0 Uncommon trap: reason=unstable_if action=reinterpret pc=0x0000023f1ca4e114 method=java.util.HashMap.clear()V @ 16 c2
Event: 20.899 Thread 0x0000023f0bd2d3d0 DEOPT PACKING pc=0x0000023f1ca4e114 sp=0x0000009eebefd2b0
Event: 20.899 Thread 0x0000023f0bd2d3d0 DEOPT UNPACKING pc=0x0000023f1c3f69a3 sp=0x0000009eebefd200 mode 2
Event: 20.899 Thread 0x0000023f0bd2d3d0 Uncommon trap: trap_request=0xffffff45 fr.pc=0x0000023f1ca51a00 relative=0x0000000000000060
Event: 20.899 Thread 0x0000023f0bd2d3d0 Uncommon trap: reason=unstable_if action=reinterpret pc=0x0000023f1ca51a00 method=java.util.HashMap.clear()V @ 16 c2
Event: 20.899 Thread 0x0000023f0bd2d3d0 DEOPT PACKING pc=0x0000023f1ca51a00 sp=0x0000009eebefd270
Event: 20.899 Thread 0x0000023f0bd2d3d0 DEOPT UNPACKING pc=0x0000023f1c3f69a3 sp=0x0000009eebefd200 mode 2
Event: 21.000 Thread 0x0000023f0bd2d3d0 DEOPT PACKING pc=0x0000023f14f25b29 sp=0x0000009eebefc210
Event: 21.000 Thread 0x0000023f0bd2d3d0 DEOPT UNPACKING pc=0x0000023f1c3f7143 sp=0x0000009eebefb720 mode 0
Event: 21.011 Thread 0x0000023f0bd2d3d0 DEOPT PACKING pc=0x0000023f14f25b29 sp=0x0000009eebefc5e0
Event: 21.011 Thread 0x0000023f0bd2d3d0 DEOPT UNPACKING pc=0x0000023f1c3f7143 sp=0x0000009eebefbaf0 mode 0
Event: 21.014 Thread 0x0000023f0bd2d3d0 DEOPT PACKING pc=0x0000023f14f25b29 sp=0x0000009eebefb620
Event: 21.015 Thread 0x0000023f0bd2d3d0 DEOPT UNPACKING pc=0x0000023f1c3f7143 sp=0x0000009eebefab30 mode 0
Event: 21.031 Thread 0x0000023f0bd2d3d0 DEOPT PACKING pc=0x0000023f14f25b29 sp=0x0000009eebefbde0
Event: 21.031 Thread 0x0000023f0bd2d3d0 DEOPT UNPACKING pc=0x0000023f1c3f7143 sp=0x0000009eebefb2f0 mode 0
Event: 21.040 Thread 0x0000023f0bd2d3d0 DEOPT PACKING pc=0x0000023f14f25b29 sp=0x0000009eebefcc30
Event: 21.040 Thread 0x0000023f0bd2d3d0 DEOPT UNPACKING pc=0x0000023f1c3f7143 sp=0x0000009eebefc140 mode 0

Classes loaded (20 events):
Event: 13.127 Loading class java/lang/Character$Subset done
Event: 13.128 Loading class java/lang/Character$UnicodeBlock done
Event: 14.113 Loading class java/text/MessageFormat
Event: 14.115 Loading class java/text/MessageFormat done
Event: 14.178 Loading class java/text/ChoiceFormat
Event: 14.179 Loading class java/text/ChoiceFormat done
Event: 17.766 Loading class java/lang/Byte$ByteCache
Event: 17.766 Loading class java/lang/Byte$ByteCache done
Event: 19.702 Loading class java/lang/Short$ShortCache
Event: 19.703 Loading class java/lang/Short$ShortCache done
Event: 20.626 Loading class sun/reflect/generics/reflectiveObjects/ParameterizedTypeImpl
Event: 20.626 Loading class java/lang/reflect/ParameterizedType
Event: 20.627 Loading class java/lang/reflect/ParameterizedType done
Event: 20.627 Loading class sun/reflect/generics/reflectiveObjects/ParameterizedTypeImpl done
Event: 20.627 Loading class sun/reflect/generics/tree/TypeVariableSignature
Event: 20.627 Loading class sun/reflect/generics/tree/TypeVariableSignature done
Event: 20.627 Loading class sun/reflect/generics/reflectiveObjects/TypeVariableImpl
Event: 20.627 Loading class sun/reflect/generics/reflectiveObjects/LazyReflectiveObjectGenerator
Event: 20.627 Loading class sun/reflect/generics/reflectiveObjects/LazyReflectiveObjectGenerator done
Event: 20.627 Loading class sun/reflect/generics/reflectiveObjects/TypeVariableImpl done

Classes unloaded (0 events):
No events

Classes redefined (0 events):
No events

Internal exceptions (20 events):
Event: 11.817 Thread 0x0000023f0bd2d3d0 Exception <a 'java/lang/NoSuchMethodError'{0x00000000a601acc8}: 'java.lang.Object java.lang.invoke.Invokers$Holder.invokeExact_MT(java.lang.Object, java.lang.Object, java.lang.Object, java.lang.Object, java.lang.Object, java.lang.Object)'> (0x00000000a601acc8) 
thrown [s\src\hotspot\share\interpreter\linkResolver.cpp, line 759]
Event: 12.425 Thread 0x0000023f0bd2d3d0 Exception <a 'java/lang/NoSuchMethodError'{0x00000000a78199a0}: 'java.lang.Object java.lang.invoke.Invokers$Holder.invokeExact_MT(java.lang.Object, java.lang.Object, long, java.lang.Object)'> (0x00000000a78199a0) 
thrown [s\src\hotspot\share\interpreter\linkResolver.cpp, line 759]
Event: 12.769 Thread 0x0000023f0bd2d3d0 Exception <a 'java/lang/IncompatibleClassChangeError'{0x00000000a7386168}: Found class java.lang.Object, but interface was expected> (0x00000000a7386168) 
thrown [s\src\hotspot\share\interpreter\linkResolver.cpp, line 826]
Event: 13.745 Thread 0x0000023f0bd2d3d0 Exception <a 'java/lang/NoSuchMethodError'{0x00000000a6625d48}: 'java.lang.Object java.lang.invoke.DirectMethodHandle$Holder.newInvokeSpecial(java.lang.Object, int, java.lang.Object, java.lang.Object)'> (0x00000000a6625d48) 
thrown [s\src\hotspot\share\interpreter\linkResolver.cpp, line 759]
Event: 13.746 Thread 0x0000023f0bd2d3d0 Exception <a 'java/lang/NoSuchMethodError'{0x00000000a662a648}: 'java.lang.Object java.lang.invoke.DirectMethodHandle$Holder.invokeSpecial(java.lang.Object, java.lang.Object, int, java.lang.Object, java.lang.Object)'> (0x00000000a662a648) 
thrown [s\src\hotspot\share\interpreter\linkResolver.cpp, line 759]
Event: 14.234 Thread 0x0000023f0bd2d3d0 Exception <a 'java/lang/NoSuchMethodError'{0x00000000a7748af0}: 'java.lang.Object java.lang.invoke.DirectMethodHandle$Holder.invokeStaticInit(java.lang.Object, int, int, java.lang.Object)'> (0x00000000a7748af0) 
thrown [s\src\hotspot\share\interpreter\linkResolver.cpp, line 759]
Event: 14.526 Thread 0x0000023f0bd2d3d0 Exception <a 'java/lang/NoSuchMethodError'{0x00000000a74f6f28}: 'java.lang.Object java.lang.invoke.DirectMethodHandle$Holder.invokeSpecial(java.lang.Object, java.lang.Object, java.lang.Object, int, java.lang.Object, java.lang.Object, java.lang.Object)'> (0x00000000a74f6f28) 
thrown [s\src\hotspot\share\interpreter\linkResolver.cpp, line 759]
Event: 14.527 Thread 0x0000023f0bd2d3d0 Exception <a 'java/lang/NoSuchMethodError'{0x00000000a74fa808}: 'java.lang.Object java.lang.invoke.Invokers$Holder.linkToTargetMethod(java.lang.Object, int, java.lang.Object, java.lang.Object, java.lang.Object, java.lang.Object)'> (0x00000000a74fa808) 
thrown [s\src\hotspot\share\interpreter\linkResolver.cpp, line 759]
Event: 15.330 Thread 0x0000023f0bd2d3d0 Exception <a 'java/lang/NoSuchMethodError'{0x00000000a66627e8}: 'java.lang.Object java.lang.invoke.DirectMethodHandle$Holder.newInvokeSpecial(java.lang.Object, java.lang.Object, java.lang.Object, java.lang.Object, java.lang.Object, java.lang.Object, int)'> (0x00000000a66627e8) 
thrown [s\src\hotspot\share\interpreter\linkResolver.cpp, line 759]
Event: 15.332 Thread 0x0000023f0bd2d3d0 Exception <a 'java/lang/NoSuchMethodError'{0x00000000a6667a40}: 'java.lang.Object java.lang.invoke.DirectMethodHandle$Holder.invokeSpecial(java.lang.Object, java.lang.Object, java.lang.Object, java.lang.Object, java.lang.Object, java.lang.Object, java.lang.Object, int)'> (0x00000000a6667a40) 
thrown [s\src\hotspot\share\interpreter\linkResolver.cpp, line 759]
Event: 17.351 Thread 0x0000023f0bd2d3d0 Implicit null exception at 0x0000023f1c9d4bf5 to 0x0000023f1c9d52f4
Event: 17.356 Thread 0x0000023f0bd2d3d0 Implicit null exception at 0x0000023f1c9823f4 to 0x0000023f1c982ae8
Event: 17.900 Thread 0x0000023f0bd2d3d0 Exception <a 'java/lang/NoSuchMethodError'{0x00000000a8ec29b8}: 'java.lang.Object java.lang.invoke.DirectMethodHandle$Holder.newInvokeSpecial(java.lang.Object, java.lang.Object, java.lang.Object, java.lang.Object, java.lang.Object, java.lang.Object, java.lang.Object, java.lang.Object, int)'> (0x00000000a8ec29b8) 
thrown [s\src\hotspot\share\interpreter\linkResolver.cpp, line 759]
Event: 17.900 Thread 0x0000023f0bd2d3d0 Exception <a 'java/lang/NoSuchMethodError'{0x00000000a8ec81c8}: 'java.lang.Object java.lang.invoke.DirectMethodHandle$Holder.invokeSpecial(java.lang.Object, java.lang.Object, java.lang.Object, java.lang.Object, java.lang.Object, java.lang.Object, java.lang.Object, java.lang.Object, java.lang.Object, int)'> (0x00000000a8ec81c8) 
thrown [s\src\hotspot\share\interpreter\linkResolver.cpp, line 759]
Event: 18.003 Thread 0x0000023f0bd2d3d0 Exception <a 'java/lang/NoSuchMethodError'{0x00000000a8c688a0}: 'java.lang.Object java.lang.invoke.DirectMethodHandle$Holder.newInvokeSpecial(java.lang.Object, java.lang.Object, java.lang.Object, java.lang.Object, java.lang.Object, java.lang.Object, java.lang.Object, int)'> (0x00000000a8c688a0) 
thrown [s\src\hotspot\share\interpreter\linkResolver.cpp, line 759]
Event: 18.004 Thread 0x0000023f0bd2d3d0 Exception <a 'java/lang/NoSuchMethodError'{0x00000000a8c6d9a8}: 'java.lang.Object java.lang.invoke.DirectMethodHandle$Holder.invokeSpecial(java.lang.Object, java.lang.Object, java.lang.Object, java.lang.Object, java.lang.Object, java.lang.Object, java.lang.Object, java.lang.Object, int)'> (0x00000000a8c6d9a8) 
thrown [s\src\hotspot\share\interpreter\linkResolver.cpp, line 759]
Event: 18.004 Thread 0x0000023f0bd2d3d0 Exception <a 'java/lang/NoSuchMethodError'{0x00000000a8c723b0}: 'java.lang.Object java.lang.invoke.Invokers$Holder.linkToTargetMethod(java.lang.Object, java.lang.Object, java.lang.Object, java.lang.Object, java.lang.Object, java.lang.Object, int, java.lang.Object)'> (0x00000000a8c723b0) 
thrown [s\src\hotspot\share\interpreter\linkResolver.cpp, line 759]
Event: 20.253 Thread 0x0000023f0bd2d3d0 Exception <a 'java/lang/NoSuchMethodError'{0x00000000a7c24c30}: 'java.lang.Object java.lang.invoke.DirectMethodHandle$Holder.newInvokeSpecial(java.lang.Object, int, java.lang.Object, int)'> (0x00000000a7c24c30) 
thrown [s\src\hotspot\share\interpreter\linkResolver.cpp, line 759]
Event: 20.254 Thread 0x0000023f0bd2d3d0 Exception <a 'java/lang/NoSuchMethodError'{0x00000000a7c28bf8}: 'java.lang.Object java.lang.invoke.DirectMethodHandle$Holder.invokeSpecial(java.lang.Object, java.lang.Object, int, java.lang.Object, int)'> (0x00000000a7c28bf8) 
thrown [s\src\hotspot\share\interpreter\linkResolver.cpp, line 759]
Event: 20.634 Thread 0x0000023f0bd2d3d0 Exception <a 'java/lang/NoSuchMethodError'{0x00000000a911a5f0}: 'java.lang.Object java.lang.invoke.DirectMethodHandle$Holder.invokeStaticInit(java.lang.Object, int, java.lang.Object, java.lang.Object, java.lang.Object)'> (0x00000000a911a5f0) 
thrown [s\src\hotspot\share\interpreter\linkResolver.cpp, line 759]

VM Operations (20 events):
Event: 19.635 Executing VM operation: G1CollectForAllocation done
Event: 19.815 Executing VM operation: HandshakeAllThreads
Event: 19.815 Executing VM operation: HandshakeAllThreads done
Event: 19.932 Executing VM operation: ICBufferFull
Event: 19.933 Executing VM operation: ICBufferFull done
Event: 20.061 Executing VM operation: HandshakeAllThreads
Event: 20.061 Executing VM operation: HandshakeAllThreads done
Event: 20.309 Executing VM operation: G1CollectForAllocation
Event: 20.357 Executing VM operation: G1CollectForAllocation done
Event: 20.414 Executing VM operation: G1PauseRemark
Event: 20.429 Executing VM operation: G1PauseRemark done
Event: 20.455 Executing VM operation: G1PauseCleanup
Event: 20.455 Executing VM operation: G1PauseCleanup done
Event: 20.791 Executing VM operation: HandshakeAllThreads
Event: 20.791 Executing VM operation: HandshakeAllThreads done
Event: 20.948 Executing VM operation: G1CollectForAllocation
Event: 20.960 Executing VM operation: G1CollectForAllocation done
Event: 20.967 Executing VM operation: HandshakeAllThreads
Event: 20.967 Executing VM operation: HandshakeAllThreads done
Event: 21.048 Executing VM operation: G1CollectForAllocation

Memory protections (0 events):
No events

Nmethod flushes (20 events):
Event: 17.819 Thread 0x0000023f2af78ca0 flushing  nmethod 0x0000023f1584f190
Event: 17.820 Thread 0x0000023f2af78ca0 flushing  nmethod 0x0000023f15872e10
Event: 17.820 Thread 0x0000023f2af78ca0 flushing  nmethod 0x0000023f15877e10
Event: 17.820 Thread 0x0000023f2af78ca0 flushing  nmethod 0x0000023f15880510
Event: 17.820 Thread 0x0000023f2af78ca0 flushing  nmethod 0x0000023f1589c410
Event: 17.820 Thread 0x0000023f2af78ca0 flushing  nmethod 0x0000023f1589e490
Event: 17.821 Thread 0x0000023f2af78ca0 flushing  nmethod 0x0000023f1598d390
Event: 17.822 Thread 0x0000023f2af78ca0 flushing  nmethod 0x0000023f159e2390
Event: 17.822 Thread 0x0000023f2af78ca0 flushing  nmethod 0x0000023f15a01610
Event: 17.822 Thread 0x0000023f2af78ca0 flushing  nmethod 0x0000023f15a02810
Event: 17.822 Thread 0x0000023f2af78ca0 flushing  nmethod 0x0000023f15a24890
Event: 17.822 Thread 0x0000023f2af78ca0 flushing  nmethod 0x0000023f15a25610
Event: 17.822 Thread 0x0000023f2af78ca0 flushing  nmethod 0x0000023f15a38d90
Event: 17.822 Thread 0x0000023f2af78ca0 flushing  nmethod 0x0000023f15a39910
Event: 19.238 Thread 0x0000023f2af78ca0 flushing  nmethod 0x0000023f15151b90
Event: 19.241 Thread 0x0000023f2af78ca0 flushing  nmethod 0x0000023f153ba110
Event: 19.241 Thread 0x0000023f2af78ca0 flushing  nmethod 0x0000023f153bac10
Event: 19.241 Thread 0x0000023f2af78ca0 flushing  nmethod 0x0000023f153bb010
Event: 19.241 Thread 0x0000023f2af78ca0 flushing  nmethod 0x0000023f153bb610
Event: 19.245 Thread 0x0000023f2af78ca0 flushing  nmethod 0x0000023f1561cb10

Events (18 events):
Event: 0.165 Thread 0x0000023f0bd2d3d0 Thread added: 0x0000023f0bd2d3d0
Event: 0.169 Thread 0x0000023f0bd2d3d0 Thread added: 0x0000023f2af3b0b0
Event: 0.169 Thread 0x0000023f0bd2d3d0 Thread added: 0x0000023f2af3b880
Event: 0.186 Thread 0x0000023f0bd2d3d0 Thread added: 0x0000023f2af5d030
Event: 0.186 Thread 0x0000023f0bd2d3d0 Thread added: 0x0000023f2af5d600
Event: 0.186 Thread 0x0000023f0bd2d3d0 Thread added: 0x0000023f2af5dbd0
Event: 0.187 Thread 0x0000023f0bd2d3d0 Thread added: 0x0000023f2af5e1a0
Event: 0.187 Thread 0x0000023f0bd2d3d0 Thread added: 0x0000023f2af62ab0
Event: 0.187 Thread 0x0000023f0bd2d3d0 Thread added: 0x0000023f2af73180
Event: 0.187 Thread 0x0000023f0bd2d3d0 Thread added: 0x0000023f2af78ca0
Event: 0.256 Thread 0x0000023f0bd2d3d0 Thread added: 0x0000023f701f0b40
Event: 0.260 Thread 0x0000023f0bd2d3d0 Thread added: 0x0000023f70201300
Event: 0.309 Thread 0x0000023f2af62ab0 Thread added: 0x0000023f7025c8a0
Event: 0.641 Thread 0x0000023f7025c8a0 Thread exited: 0x0000023f7025c8a0
Event: 0.954 Thread 0x0000023f2af73180 Thread added: 0x0000023f7052a2e0
Event: 1.399 Thread 0x0000023f7052a2e0 Thread exited: 0x0000023f7052a2e0
Event: 3.835 Thread 0x0000023f2af73180 Thread added: 0x0000023f70aa9250
Event: 5.079 Thread 0x0000023f70aa9250 Thread exited: 0x0000023f70aa9250


Dynamic libraries:
0x00007ff79a4c0000 - 0x00007ff79a4ce000 	C:\Users\srira\AppData\Local\Programs\Eclipse Adoptium\jdk-17.0.17.10-hotspot\bin\java.exe
0x00007ffe3c0a0000 - 0x00007ffe3c307000 	C:\WINDOWS\SYSTEM32\ntdll.dll
0x00007ffe3b4f0000 - 0x00007ffe3b5b9000 	C:\WINDOWS\System32\KERNEL32.DLL
0x00007ffe38f20000 - 0x00007ffe39311000 	C:\WINDOWS\System32\KERNELBASE.dll
0x00007ffe38b00000 - 0x00007ffe38c4b000 	C:\WINDOWS\System32\ucrtbase.dll
0x00007ffe088f0000 - 0x00007ffe08908000 	C:\Users\srira\AppData\Local\Programs\Eclipse Adoptium\jdk-17.0.17.10-hotspot\bin\jli.dll
0x00007ffe19920000 - 0x00007ffe1993e000 	C:\Users\srira\AppData\Local\Programs\Eclipse Adoptium\jdk-17.0.17.10-hotspot\bin\VCRUNTIME140.dll
0x00007ffe3a8d0000 - 0x00007ffe3aa95000 	C:\WINDOWS\System32\USER32.dll
0x00007ffe38d00000 - 0x00007ffe38d27000 	C:\WINDOWS\System32\win32u.dll
0x00007ffe1b500000 - 0x00007ffe1b793000 	C:\WINDOWS\WinSxS\amd64_microsoft.windows.common-controls_6595b64144ccf1df_6.0.26100.8037_none_3e092faae333b53b\COMCTL32.dll
0x00007ffe3b950000 - 0x00007ffe3b9f9000 	C:\WINDOWS\System32\msvcrt.dll
0x00007ffe3c030000 - 0x00007ffe3c05b000 	C:\WINDOWS\System32\GDI32.dll
0x00007ffe38d30000 - 0x00007ffe38e5b000 	C:\WINDOWS\System32\gdi32full.dll
0x00007ffe39490000 - 0x00007ffe39533000 	C:\WINDOWS\System32\msvcp_win.dll
0x00007ffe3ba00000 - 0x00007ffe3ba31000 	C:\WINDOWS\System32\IMM32.DLL
0x00007ffe19af0000 - 0x00007ffe19afc000 	C:\Users\srira\AppData\Local\Programs\Eclipse Adoptium\jdk-17.0.17.10-hotspot\bin\vcruntime140_1.dll
0x00007ffdbd160000 - 0x00007ffdbd1ed000 	C:\Users\srira\AppData\Local\Programs\Eclipse Adoptium\jdk-17.0.17.10-hotspot\bin\msvcp140.dll
0x00007ffd8e140000 - 0x00007ffd8edab000 	C:\Users\srira\AppData\Local\Programs\Eclipse Adoptium\jdk-17.0.17.10-hotspot\bin\server\jvm.dll
0x00007ffe3b380000 - 0x00007ffe3b43b000 	C:\WINDOWS\System32\ADVAPI32.dll
0x00007ffe3b440000 - 0x00007ffe3b4e7000 	C:\WINDOWS\System32\sechost.dll
0x00007ffe3b260000 - 0x00007ffe3b378000 	C:\WINDOWS\System32\RPCRT4.dll
0x00007ffe39e40000 - 0x00007ffe39eb4000 	C:\WINDOWS\System32\WS2_32.dll
0x00007ffe387e0000 - 0x00007ffe3883e000 	C:\WINDOWS\SYSTEM32\POWRPROF.dll
0x00007ffe29bb0000 - 0x00007ffe29be5000 	C:\WINDOWS\SYSTEM32\WINMM.dll
0x00007ffe32ab0000 - 0x00007ffe32abb000 	C:\WINDOWS\SYSTEM32\VERSION.dll
0x00007ffe387c0000 - 0x00007ffe387d4000 	C:\WINDOWS\SYSTEM32\UMPDC.dll
0x00007ffe37710000 - 0x00007ffe3772b000 	C:\WINDOWS\SYSTEM32\kernel.appcore.dll
0x00007ffe19910000 - 0x00007ffe1991a000 	C:\Users\srira\AppData\Local\Programs\Eclipse Adoptium\jdk-17.0.17.10-hotspot\bin\jimage.dll
0x00007ffe36b90000 - 0x00007ffe36dd2000 	C:\WINDOWS\SYSTEM32\DBGHELP.DLL
0x00007ffe3b5c0000 - 0x00007ffe3b942000 	C:\WINDOWS\System32\combase.dll
0x00007ffe3b180000 - 0x00007ffe3b257000 	C:\WINDOWS\System32\OLEAUT32.dll
0x00007ffe1c280000 - 0x00007ffe1c2bb000 	C:\WINDOWS\SYSTEM32\dbgcore.DLL
0x00007ffe38c50000 - 0x00007ffe38cf5000 	C:\WINDOWS\System32\bcryptPrimitives.dll
0x00007ffdfb990000 - 0x00007ffdfb9b5000 	C:\Users\srira\AppData\Local\Programs\Eclipse Adoptium\jdk-17.0.17.10-hotspot\bin\java.dll
0x00007ffd9ca40000 - 0x00007ffd9cb17000 	C:\Users\srira\AppData\Local\Programs\Eclipse Adoptium\jdk-17.0.17.10-hotspot\bin\jsvml.dll
0x00007ffe3a0a0000 - 0x00007ffe3a7ff000 	C:\WINDOWS\System32\SHELL32.dll
0x00007ffe39320000 - 0x00007ffe3948a000 	C:\WINDOWS\System32\wintypes.dll
0x00007ffe39540000 - 0x00007ffe39da4000 	C:\WINDOWS\System32\windows.storage.dll
0x00007ffe3be80000 - 0x00007ffe3bf77000 	C:\WINDOWS\System32\SHCORE.dll
0x00007ffe3b090000 - 0x00007ffe3b0f7000 	C:\WINDOWS\System32\shlwapi.dll
0x00007ffe388a0000 - 0x00007ffe388c9000 	C:\WINDOWS\SYSTEM32\profapi.dll
0x00007ffdf7020000 - 0x00007ffdf703a000 	C:\Users\srira\AppData\Local\Programs\Eclipse Adoptium\jdk-17.0.17.10-hotspot\bin\net.dll
0x00007ffe316b0000 - 0x00007ffe317d7000 	C:\WINDOWS\SYSTEM32\WINHTTP.dll
0x00007ffe37c80000 - 0x00007ffe37ceb000 	C:\WINDOWS\system32\mswsock.dll
0x00007ffdef040000 - 0x00007ffdef056000 	C:\Users\srira\AppData\Local\Programs\Eclipse Adoptium\jdk-17.0.17.10-hotspot\bin\nio.dll
0x00007ffde56e0000 - 0x00007ffde56f8000 	C:\Users\srira\AppData\Local\Programs\Eclipse Adoptium\jdk-17.0.17.10-hotspot\bin\zip.dll
0x00007ffe088e0000 - 0x00007ffe088f0000 	C:\Users\srira\AppData\Local\Programs\Eclipse Adoptium\jdk-17.0.17.10-hotspot\bin\verify.dll

dbghelp: loaded successfully - version: 4.0.5 - missing functions: none
symbol engine: initialized successfully - sym options: 0x614 - pdb path: .;C:\Users\srira\AppData\Local\Programs\Eclipse Adoptium\jdk-17.0.17.10-hotspot\bin;C:\WINDOWS\SYSTEM32;C:\WINDOWS\WinSxS\amd64_microsoft.windows.common-controls_6595b64144ccf1df_6.0.26100.8037_none_3e092faae333b53b;C:\Users\srira\AppData\Local\Programs\Eclipse Adoptium\jdk-17.0.17.10-hotspot\bin\server

VM Arguments:
java_command: org.jetbrains.kotlin.cli.jvm.K2JVMCompiler @C:\ServiceApp\android\app\build\20260318_7359510240719222431.compiler.options
java_class_path (initial): C:\Users\srira\.gradle\caches\modules-2\files-2.1\org.jetbrains.kotlin\kotlin-compiler-embeddable\2.1.20\4ef56b3316798316bfac7a0ae443391c9e900ea1\kotlin-compiler-embeddable-2.1.20.jar;C:\Users\srira\.gradle\caches\modules-2\files-2.1\org.jetbrains.kotlin\kotlin-stdlib\2.1.20\aa8ca79cd50578314f6d1180c47cbe14c0fee567\kotlin-stdlib-2.1.20.jar;C:\Users\srira\.gradle\caches\modules-2\files-2.1\org.jetbrains.kotlin\kotlin-script-runtime\2.1.20\f7c623d7f7bdb01f5ccd6b437bc0a937fcd7c57e\kotlin-script-runtime-2.1.20.jar;C:\Users\srira\.gradle\caches\modules-2\files-2.1\org.jetbrains.kotlin\kotlin-reflect\1.6.10\1cbe9c92c12a94eea200d23c2bbaedaf3daf5132\kotlin-reflect-1.6.10.jar;C:\Users\srira\.gradle\caches\modules-2\files-2.1\org.jetbrains.kotlin\kotlin-daemon-embeddable\2.1.20\95670fce77befd02a70a0bc3abe8ee4533521334\kotlin-daemon-embeddable-2.1.20.jar;C:\Users\srira\.gradle\caches\modules-2\files-2.1\org.jetbrains.intellij.deps\trove4j\1.0.20200330\3afb14d5f9ceb459d724e907a21145e8ff394f02\trove4j-1.0.20200330.jar;C:\Users\srira\.gradle\caches\modules-2\files-2.1\org.jetbrains.kotlinx\kotlinx-coroutines-core-jvm\1.8.0\ac1dc37a30a93150b704022f8d895ee1bd3a36b3\kotlinx-coroutines-core-jvm-1.8.0.jar;C:\Users\srira\.gradle\caches\modules-2\files-2.1\org.jetbrains\annotations\13.0\919f0dfe192fb4e063e7dacadee7f8bb9a2672a9\annotations-13.0.jar
Launcher Type: SUN_STANDARD

[Global flags]
     intx CICompilerCount                          = 4                                         {product} {ergonomic}
     uint ConcGCThreads                            = 3                                         {product} {ergonomic}
     uint G1ConcRefinementThreads                  = 10                                        {product} {ergonomic}
   size_t G1HeapRegionSize                         = 1048576                                   {product} {ergonomic}
    uintx GCDrainStackTargetSize                   = 64                                        {product} {ergonomic}
   size_t InitialHeapSize                          = 98566144                                  {product} {ergonomic}
   size_t MarkStackSize                            = 4194304                                   {product} {ergonomic}
   size_t MaxHeapSize                              = 1570766848                                {product} {ergonomic}
   size_t MaxNewSize                               = 941621248                                 {product} {ergonomic}
   size_t MinHeapDeltaBytes                        = 1048576                                   {product} {ergonomic}
   size_t MinHeapSize                              = 8388608                                   {product} {ergonomic}
    uintx NonNMethodCodeHeapSize                   = 5839372                                {pd product} {ergonomic}
    uintx NonProfiledCodeHeapSize                  = 122909434                              {pd product} {ergonomic}
    uintx ProfiledCodeHeapSize                     = 122909434                              {pd product} {ergonomic}
    uintx ReservedCodeCacheSize                    = 251658240                              {pd product} {ergonomic}
     bool SegmentedCodeCache                       = true                                      {product} {ergonomic}
   size_t SoftMaxHeapSize                          = 1570766848                             {manageable} {ergonomic}
     bool UseCompressedClassPointers               = true                           {product lp64_product} {ergonomic}
     bool UseCompressedOops                        = true                           {product lp64_product} {ergonomic}
     bool UseG1GC                                  = true                                      {product} {ergonomic}
     bool UseLargePagesIndividualAllocation        = false                                  {pd product} {ergonomic}

Logging:
Log output configuration:
 #0: stdout all=warning uptime,level,tags
 #1: stderr all=off uptime,level,tags

Environment Variables:
JAVA_HOME=C:\Users\srira\AppData\Local\Programs\Eclipse Adoptium\jdk-17.0.17.10-hotspot
PATH=C:\ServiceApp\node_modules\.bin;C:\ServiceApp\node_modules\.bin;C:\node_modules\.bin;C:\Program Files\nodejs\node_modules\npm\node_modules\@npmcli\run-script\lib\node-gyp-bin;C:\WINDOWS\system32;C:\WINDOWS;C:\WINDOWS\System32\Wbem;C:\WINDOWS\System32\WindowsPowerShell\v1.0\;C:\WINDOWS\System32\OpenSSH\;C:\Program Files (x86)\Microsoft SQL Server\160\Tools\Binn\;C:\Program Files\Microsoft SQL Server\160\Tools\Binn\;C:\Program Files\Microsoft SQL Server\Client SDK\ODBC\170\Tools\Binn\;C:\Program Files\Microsoft SQL Server\160\DTS\Binn\;C:\Users\Git\cmd;C:\Program Files\nodejs\;C:\Program Files\MongoDB\Server\8.2\bin;C:\Users\srira\Downloads\mongosh-2.5.9-win32-x64\mongosh-2.5.9-win32-x64\bin;C:\Users\srira\AppData\Local\Programs\Eclipse Adoptium\jdk-17.0.17.10-hotspot\bin;C:\Users\srira\AppData\Local\Android\Sdk\platform-tools;C:\Users\srira\AppData\Local\Android\Sdk\emulator;C:\Users\srira\AppData\Local\Android\Sdk\cmdline-tools\latest\bin;C:\Users\srira\AppData\Local\Programs\Eclipse Adoptium\jdk-17.0.17.10-hotspot\bin;C:\Users\srira\AppData\Local\Programs\Eclipse Adoptium\jdk-17.0.17.10-hotspot\bin;C:\Program Files\MySQL\MySQL Shell 8.0\bin\;C:\Users\srira\AppData\Local\Microsoft\WindowsApps;C:\Users\srira\Downloads\flutter_windows_3.13.3-stable\flutter\bin;C:\src\flutter\bin;C:\Users\srira\AppData\Local\Programs\Microsoft VS Code\bin;C:\Program Files\JetBrains\IntelliJ IDEA Community Edition 2025.1.3\bin;;C:\Users\srira\AppData\Roaming\npm;C:\Program Files\Eclipse Adoptium\jdk-17;C:\Users\srira\AppData\Local\PowerToys\DSCModules\;C:\Users\srira\AppData\Local\Programs\Antigravity\bin;c:\Users\srira\.antigravity\extensions\vscjava.vscode-java-debug-0.58.5-universal\bundled\scripts\noConfigScripts
USERNAME=srirajr2725
LANG=en_US.UTF-8
OS=Windows_NT
PROCESSOR_IDENTIFIER=AMD64 Family 23 Model 104 Stepping 1, AuthenticAMD
TMP=C:\Users\srira\AppData\Local\Temp
TEMP=C:\Users\srira\AppData\Local\Temp



Periodic native trim disabled


---------------  S Y S T E M  ---------------

OS:
 Windows 11 , 64 bit Build 26100 (10.0.26100.7920)
OS uptime: 1 days 23:37 hours

CPU: total 12 (initial active 12) (12 cores per cpu, 2 threads per core) family 23 model 104 stepping 1 microcode 0x8608109, cx8, cmov, fxsr, ht, mmx, 3dnowpref, sse, sse2, sse3, ssse3, sse4a, sse4.1, sse4.2, popcnt, lzcnt, tsc, tscinvbit, avx, avx2, aes, clmul, bmi1, bmi2, adx, sha, fma, vzeroupper, clflush, clflushopt
Processor Information for processor 0
  Max Mhz: 2100, Current Mhz: 1700, Mhz Limit: 2100
Processor Information for processor 1
  Max Mhz: 2100, Current Mhz: 1700, Mhz Limit: 2100
Processor Information for processor 2
  Max Mhz: 2100, Current Mhz: 1700, Mhz Limit: 2100
Processor Information for processor 3
  Max Mhz: 2100, Current Mhz: 2100, Mhz Limit: 2100
Processor Information for processor 4
  Max Mhz: 2100, Current Mhz: 1700, Mhz Limit: 2100
Processor Information for processor 5
  Max Mhz: 2100, Current Mhz: 1700, Mhz Limit: 2100
Processor Information for processor 6
  Max Mhz: 2100, Current Mhz: 2100, Mhz Limit: 2100
Processor Information for processor 7
  Max Mhz: 2100, Current Mhz: 2100, Mhz Limit: 2100
Processor Information for processor 8
  Max Mhz: 2100, Current Mhz: 2100, Mhz Limit: 2100
Processor Information for processor 9
  Max Mhz: 2100, Current Mhz: 2100, Mhz Limit: 2100
Processor Information for processor 10
  Max Mhz: 2100, Current Mhz: 2100, Mhz Limit: 2100
Processor Information for processor 11
  Max Mhz: 2100, Current Mhz: 2100, Mhz Limit: 2100

Memory: 4k page, system-wide physical 5989M (302M free)
TotalPageFile size 22373M (AvailPageFile size 54M)
current process WorkingSet (physical memory assigned to process): 275M, peak: 275M
current process commit charge ("private bytes"): 332M, peak: 446M

vm_info: OpenJDK 64-Bit Server VM (17.0.17+10) for windows-amd64 JRE (17.0.17+10), built on Oct 21 2025 23:25:32 by "admin" with unknown MS VC++:1942

END.
