#
# There is insufficient memory for the Java Runtime Environment to continue.
# Native memory allocation (malloc) failed to allocate 32744 bytes. Error detail: ChunkPool::allocate
# Possible reasons:
#   The system is out of physical RAM or swap space
#   This process is running with CompressedOops enabled, and the Java Heap may be blocking the growth of the native heap
# Possible solutions:
#   Reduce memory load on the system
#   Increase physical memory or swap space
#   Check if swap backing store is full
#   Decrease Java heap size (-Xmx/-Xms)
#   Decrease number of Java threads
#   Decrease Java thread stack sizes (-Xss)
#   Set larger code cache with -XX:ReservedCodeCacheSize=
#   JVM is running with Unscaled Compressed Oops mode in which the Java heap is
#     placed in the first 4GB address space. The Java Heap base address is the
#     maximum limit for the native heap growth. Please use -XX:HeapBaseMinAddress
#     to set the Java Heap base and to place the Java Heap above 4GB virtual address.
# This output file may be truncated or incomplete.
#
#  Out of Memory Error (arena.cpp:79), pid=26468, tid=22844
#
# JRE version: OpenJDK Runtime Environment Temurin-17.0.17+10 (17.0.17+10) (build 17.0.17+10)
# Java VM: OpenJDK 64-Bit Server VM Temurin-17.0.17+10 (17.0.17+10, mixed mode, sharing, tiered, compressed oops, compressed class ptrs, g1 gc, windows-amd64)
# No core dump will be written. Minidumps are not enabled by default on client versions of Windows
#

---------------  S U M M A R Y ------------

Command Line: -Xmx64m -Xms64m -Dorg.gradle.appname=gradlew C:\ServiceApp\android\\gradle\wrapper\gradle-wrapper.jar app:installDebug -PreactNativeDevServerPort=8081

Host: AMD Ryzen 5 5500U with Radeon Graphics         , 12 cores, 5G,  Windows 11 , 64 bit Build 26100 (10.0.26100.7920)
Time: Fri Mar 13 15:37:19 2026 India Standard Time elapsed time: 251.389698 seconds (0d 0h 4m 11s)

---------------  T H R E A D  ---------------

Current thread (0x0000028adab3c870):  JavaThread "C1 CompilerThread0" daemon [_thread_in_native, id=22844, stack(0x000000c176900000,0x000000c176a00000)]


Current CompileTask:
C1:251389 2094       3       java.lang.invoke.MethodHandles$Lookup::checkSecurityManager (97 bytes)

Stack: [0x000000c176900000,0x000000c176a00000]
Native frames: (J=compiled Java code, j=interpreted, Vv=VM code, C=native code)
V  [jvm.dll+0x683fb9]
V  [jvm.dll+0x83a1b5]
V  [jvm.dll+0x83bc2e]
V  [jvm.dll+0x83c2b3]
V  [jvm.dll+0x248eff]
V  [jvm.dll+0xad69e]
V  [jvm.dll+0xadb3c]
V  [jvm.dll+0x143cec]
V  [jvm.dll+0x13a199]
V  [jvm.dll+0x145778]
V  [jvm.dll+0x148967]
V  [jvm.dll+0x148355]
V  [jvm.dll+0x13ff9b]
V  [jvm.dll+0x14224e]
V  [jvm.dll+0x14073c]
V  [jvm.dll+0x148e63]
V  [jvm.dll+0x148355]
V  [jvm.dll+0x13ff9b]
V  [jvm.dll+0x14224e]
V  [jvm.dll+0x140836]
V  [jvm.dll+0x148e63]
V  [jvm.dll+0x148355]
V  [jvm.dll+0x13ff9b]
V  [jvm.dll+0x14224e]
V  [jvm.dll+0x140836]
V  [jvm.dll+0x13a8f7]
V  [jvm.dll+0x149ff8]
V  [jvm.dll+0x135db5]
V  [jvm.dll+0x136130]
V  [jvm.dll+0x13640e]
V  [jvm.dll+0x135857]
V  [jvm.dll+0x13757d]
V  [jvm.dll+0x22989a]
V  [jvm.dll+0x227a4b]
V  [jvm.dll+0x7effb8]
V  [jvm.dll+0x7ea44c]
V  [jvm.dll+0x682e87]
C  [ucrtbase.dll+0x37b0]
C  [KERNEL32.DLL+0x2e8d7]
C  [ntdll.dll+0x8c48c]


---------------  P R O C E S S  ---------------

Threads class SMR info:
_java_thread_list=0x0000028b20d9cca0, length=13, elements={
0x0000028ac0c8c340, 0x0000028adab11e90, 0x0000028ac0d38ae0, 0x0000028adab2b320,
0x0000028adab2dc00, 0x0000028adab2e4d0, 0x0000028adab2eda0, 0x0000028adab30510,
0x0000028adab3c870, 0x0000028adab3f930, 0x0000028b2009af20, 0x0000028b2009eac0,
0x0000028b210d31b0
}

Java Threads: ( => current thread )
  0x0000028ac0c8c340 JavaThread "main" [_thread_in_native, id=1864, stack(0x000000c175b00000,0x000000c175c00000)]
  0x0000028adab11e90 JavaThread "Reference Handler" daemon [_thread_blocked, id=28232, stack(0x000000c176200000,0x000000c176300000)]
  0x0000028ac0d38ae0 JavaThread "Finalizer" daemon [_thread_blocked, id=11852, stack(0x000000c176300000,0x000000c176400000)]
  0x0000028adab2b320 JavaThread "Signal Dispatcher" daemon [_thread_blocked, id=28140, stack(0x000000c176400000,0x000000c176500000)]
  0x0000028adab2dc00 JavaThread "Attach Listener" daemon [_thread_blocked, id=9988, stack(0x000000c176500000,0x000000c176600000)]
  0x0000028adab2e4d0 JavaThread "Service Thread" daemon [_thread_blocked, id=2100, stack(0x000000c176600000,0x000000c176700000)]
  0x0000028adab2eda0 JavaThread "Monitor Deflation Thread" daemon [_thread_blocked, id=18564, stack(0x000000c176700000,0x000000c176800000)]
  0x0000028adab30510 JavaThread "C2 CompilerThread0" daemon [_thread_blocked, id=2244, stack(0x000000c176800000,0x000000c176900000)]
=>0x0000028adab3c870 JavaThread "C1 CompilerThread0" daemon [_thread_in_native, id=22844, stack(0x000000c176900000,0x000000c176a00000)]
  0x0000028adab3f930 JavaThread "Sweeper thread" daemon [_thread_blocked, id=28364, stack(0x000000c176a00000,0x000000c176b00000)]
  0x0000028b2009af20 JavaThread "Notification Thread" daemon [_thread_blocked, id=4884, stack(0x000000c176b00000,0x000000c176c00000)]
  0x0000028b2009eac0 JavaThread "Common-Cleaner" daemon [_thread_blocked, id=19512, stack(0x000000c176d00000,0x000000c176e00000)]
  0x0000028b210d31b0 JavaThread "pool-1-thread-1" [_thread_in_Java, id=24660, stack(0x000000c177200000,0x000000c177300000)]

Other Threads:
  0x0000028ac0d37920 VMThread "VM Thread" [stack: 0x000000c176100000,0x000000c176200000] [id=12520]
  0x0000028b2009d810 WatcherThread [stack: 0x000000c176c00000,0x000000c176d00000] [id=4236]
  0x0000028ac0cada50 GCTaskThread "GC Thread#0" [stack: 0x000000c175c00000,0x000000c175d00000] [id=22032]
  0x0000028b205a0e80 GCTaskThread "GC Thread#1" [stack: 0x000000c176f00000,0x000000c177000000] [id=4072]
  0x0000028b20584ab0 GCTaskThread "GC Thread#2" [stack: 0x000000c177000000,0x000000c177100000] [id=14988]
  0x0000028b2039be30 GCTaskThread "GC Thread#3" [stack: 0x000000c177100000,0x000000c177200000] [id=28716]
  0x0000028b210ff340 GCTaskThread "GC Thread#4" [stack: 0x000000c176e00000,0x000000c176f00000] [id=2084]
  0x0000028b209899e0 GCTaskThread "GC Thread#5" [stack: 0x000000c177300000,0x000000c177400000] [id=19636]
  0x0000028b20d92230 GCTaskThread "GC Thread#6" [stack: 0x000000c177400000,0x000000c177500000] [id=22204]
  0x0000028b20e33930 GCTaskThread "GC Thread#7" [stack: 0x000000c177500000,0x000000c177600000] [id=12084]
  0x0000028ac0caf0b0 ConcurrentGCThread "G1 Main Marker" [stack: 0x000000c175d00000,0x000000c175e00000] [id=20444]
  0x0000028ac0caf9e0 ConcurrentGCThread "G1 Conc#0" [stack: 0x000000c175e00000,0x000000c175f00000] [id=22972]
  0x0000028ac0d1b980 ConcurrentGCThread "G1 Refine#0" [stack: 0x000000c175f00000,0x000000c176000000] [id=15576]
  0x0000028b21245360 ConcurrentGCThread "G1 Refine#1" [stack: 0x000000c177600000,0x000000c177700000] [id=18252]
  0x0000028ac0d1c2c0 ConcurrentGCThread "G1 Service" [stack: 0x000000c176000000,0x000000c176100000] [id=13936]

Threads with active compile tasks:
C1 CompilerThread0  251473 2094       3       java.lang.invoke.MethodHandles$Lookup::checkSecurityManager (97 bytes)

VM state: not at safepoint (normal execution)

VM Mutex/Monitor currently owned by a thread: None

Heap address: 0x00000000fc000000, size: 64 MB, Compressed Oops mode: 32-bit

CDS archive(s) mapped at: [0x0000028adb000000-0x0000028adbbb0000-0x0000028adbbb0000), size 12255232, SharedBaseAddress: 0x0000028adb000000, ArchiveRelocationMode: 1.
Compressed class space mapped at: 0x0000028adc000000-0x0000028b1c000000, reserved size: 1073741824
Narrow klass base: 0x0000028adb000000, Narrow klass shift: 0, Narrow klass range: 0x100000000

GC Precious Log:
 CPUs: 12 total, 12 available
 Memory: 5989M
 Large Page Support: Disabled
 NUMA Support: Disabled
 Compressed Oops: Enabled (32-bit)
 Heap Region Size: 1M
 Heap Min Capacity: 64M
 Heap Initial Capacity: 64M
 Heap Max Capacity: 64M
 Pre-touch: Disabled
 Parallel Workers: 10
 Concurrent Workers: 3
 Concurrent Refinement Workers: 10
 Periodic GC: Disabled

Heap:
 garbage-first heap   total 65536K, used 26378K [0x00000000fc000000, 0x0000000100000000)
  region size 1024K, 20 young (20480K), 4 survivors (4096K)
 Metaspace       used 10468K, committed 10688K, reserved 1114112K
  class space    used 1343K, committed 1408K, reserved 1048576K

Heap Regions: E=young(eden), S=young(survivor), O=old, HS=humongous(starts), HC=humongous(continues), CS=collection set, F=free, OA=open archive, CA=closed archive, TAMS=top-at-mark-start (previous, next)
|   0|0x00000000fc000000, 0x00000000fc100000, 0x00000000fc100000|100%|HS|  |TAMS 0x00000000fc000000, 0x00000000fc000000| Complete 
|   1|0x00000000fc100000, 0x00000000fc200000, 0x00000000fc200000|100%|HC|  |TAMS 0x00000000fc100000, 0x00000000fc100000| Complete 
|   2|0x00000000fc200000, 0x00000000fc300000, 0x00000000fc300000|100%|HC|  |TAMS 0x00000000fc200000, 0x00000000fc200000| Complete 
|   3|0x00000000fc300000, 0x00000000fc400000, 0x00000000fc400000|100%| O|  |TAMS 0x00000000fc300000, 0x00000000fc300000| Untracked 
|   4|0x00000000fc400000, 0x00000000fc500000, 0x00000000fc500000|100%| O|  |TAMS 0x00000000fc400000, 0x00000000fc400000| Untracked 
|   5|0x00000000fc500000, 0x00000000fc600000, 0x00000000fc600000|100%| O|  |TAMS 0x00000000fc500000, 0x00000000fc500000| Untracked 
|   6|0x00000000fc600000, 0x00000000fc6c2a00, 0x00000000fc700000| 76%| O|  |TAMS 0x00000000fc600000, 0x00000000fc600000| Untracked 
|   7|0x00000000fc700000, 0x00000000fc700000, 0x00000000fc800000|  0%| F|  |TAMS 0x00000000fc700000, 0x00000000fc700000| Untracked 
|   8|0x00000000fc800000, 0x00000000fc800000, 0x00000000fc900000|  0%| F|  |TAMS 0x00000000fc800000, 0x00000000fc800000| Untracked 
|   9|0x00000000fc900000, 0x00000000fc900000, 0x00000000fca00000|  0%| F|  |TAMS 0x00000000fc900000, 0x00000000fc900000| Untracked 
|  10|0x00000000fca00000, 0x00000000fca00000, 0x00000000fcb00000|  0%| F|  |TAMS 0x00000000fca00000, 0x00000000fca00000| Untracked 
|  11|0x00000000fcb00000, 0x00000000fcb00000, 0x00000000fcc00000|  0%| F|  |TAMS 0x00000000fcb00000, 0x00000000fcb00000| Untracked 
|  12|0x00000000fcc00000, 0x00000000fcc00000, 0x00000000fcd00000|  0%| F|  |TAMS 0x00000000fcc00000, 0x00000000fcc00000| Untracked 
|  13|0x00000000fcd00000, 0x00000000fcd00000, 0x00000000fce00000|  0%| F|  |TAMS 0x00000000fcd00000, 0x00000000fcd00000| Untracked 
|  14|0x00000000fce00000, 0x00000000fce00000, 0x00000000fcf00000|  0%| F|  |TAMS 0x00000000fce00000, 0x00000000fce00000| Untracked 
|  15|0x00000000fcf00000, 0x00000000fcf00000, 0x00000000fd000000|  0%| F|  |TAMS 0x00000000fcf00000, 0x00000000fcf00000| Untracked 
|  16|0x00000000fd000000, 0x00000000fd000000, 0x00000000fd100000|  0%| F|  |TAMS 0x00000000fd000000, 0x00000000fd000000| Untracked 
|  17|0x00000000fd100000, 0x00000000fd100000, 0x00000000fd200000|  0%| F|  |TAMS 0x00000000fd100000, 0x00000000fd100000| Untracked 
|  18|0x00000000fd200000, 0x00000000fd200000, 0x00000000fd300000|  0%| F|  |TAMS 0x00000000fd200000, 0x00000000fd200000| Untracked 
|  19|0x00000000fd300000, 0x00000000fd300000, 0x00000000fd400000|  0%| F|  |TAMS 0x00000000fd300000, 0x00000000fd300000| Untracked 
|  20|0x00000000fd400000, 0x00000000fd400000, 0x00000000fd500000|  0%| F|  |TAMS 0x00000000fd400000, 0x00000000fd400000| Untracked 
|  21|0x00000000fd500000, 0x00000000fd500000, 0x00000000fd600000|  0%| F|  |TAMS 0x00000000fd500000, 0x00000000fd500000| Untracked 
|  22|0x00000000fd600000, 0x00000000fd600000, 0x00000000fd700000|  0%| F|  |TAMS 0x00000000fd600000, 0x00000000fd600000| Untracked 
|  23|0x00000000fd700000, 0x00000000fd700000, 0x00000000fd800000|  0%| F|  |TAMS 0x00000000fd700000, 0x00000000fd700000| Untracked 
|  24|0x00000000fd800000, 0x00000000fd800000, 0x00000000fd900000|  0%| F|  |TAMS 0x00000000fd800000, 0x00000000fd800000| Untracked 
|  25|0x00000000fd900000, 0x00000000fd900000, 0x00000000fda00000|  0%| F|  |TAMS 0x00000000fd900000, 0x00000000fd900000| Untracked 
|  26|0x00000000fda00000, 0x00000000fda00000, 0x00000000fdb00000|  0%| F|  |TAMS 0x00000000fda00000, 0x00000000fda00000| Untracked 
|  27|0x00000000fdb00000, 0x00000000fdb00000, 0x00000000fdc00000|  0%| F|  |TAMS 0x00000000fdb00000, 0x00000000fdb00000| Untracked 
|  28|0x00000000fdc00000, 0x00000000fdd00000, 0x00000000fdd00000|100%| S|CS|TAMS 0x00000000fdc00000, 0x00000000fdc00000| Complete 
|  29|0x00000000fdd00000, 0x00000000fde00000, 0x00000000fde00000|100%| S|CS|TAMS 0x00000000fdd00000, 0x00000000fdd00000| Complete 
|  30|0x00000000fde00000, 0x00000000fdf00000, 0x00000000fdf00000|100%| S|CS|TAMS 0x00000000fde00000, 0x00000000fde00000| Complete 
|  31|0x00000000fdf00000, 0x00000000fe000000, 0x00000000fe000000|100%| S|CS|TAMS 0x00000000fdf00000, 0x00000000fdf00000| Complete 
|  32|0x00000000fe000000, 0x00000000fe000000, 0x00000000fe100000|  0%| F|  |TAMS 0x00000000fe000000, 0x00000000fe000000| Untracked 
|  33|0x00000000fe100000, 0x00000000fe100000, 0x00000000fe200000|  0%| F|  |TAMS 0x00000000fe100000, 0x00000000fe100000| Untracked 
|  34|0x00000000fe200000, 0x00000000fe200000, 0x00000000fe300000|  0%| F|  |TAMS 0x00000000fe200000, 0x00000000fe200000| Untracked 
|  35|0x00000000fe300000, 0x00000000fe300000, 0x00000000fe400000|  0%| F|  |TAMS 0x00000000fe300000, 0x00000000fe300000| Untracked 
|  36|0x00000000fe400000, 0x00000000fe400000, 0x00000000fe500000|  0%| F|  |TAMS 0x00000000fe400000, 0x00000000fe400000| Untracked 
|  37|0x00000000fe500000, 0x00000000fe500000, 0x00000000fe600000|  0%| F|  |TAMS 0x00000000fe500000, 0x00000000fe500000| Untracked 
|  38|0x00000000fe600000, 0x00000000fe600000, 0x00000000fe700000|  0%| F|  |TAMS 0x00000000fe600000, 0x00000000fe600000| Untracked 
|  39|0x00000000fe700000, 0x00000000fe700000, 0x00000000fe800000|  0%| F|  |TAMS 0x00000000fe700000, 0x00000000fe700000| Untracked 
|  40|0x00000000fe800000, 0x00000000fe800000, 0x00000000fe900000|  0%| F|  |TAMS 0x00000000fe800000, 0x00000000fe800000| Untracked 
|  41|0x00000000fe900000, 0x00000000fe900000, 0x00000000fea00000|  0%| F|  |TAMS 0x00000000fe900000, 0x00000000fe900000| Untracked 
|  42|0x00000000fea00000, 0x00000000fea00000, 0x00000000feb00000|  0%| F|  |TAMS 0x00000000fea00000, 0x00000000fea00000| Untracked 
|  43|0x00000000feb00000, 0x00000000feb00000, 0x00000000fec00000|  0%| F|  |TAMS 0x00000000feb00000, 0x00000000feb00000| Untracked 
|  44|0x00000000fec00000, 0x00000000fec00000, 0x00000000fed00000|  0%| F|  |TAMS 0x00000000fec00000, 0x00000000fec00000| Untracked 
|  45|0x00000000fed00000, 0x00000000fed00000, 0x00000000fee00000|  0%| F|  |TAMS 0x00000000fed00000, 0x00000000fed00000| Untracked 
|  46|0x00000000fee00000, 0x00000000fee00000, 0x00000000fef00000|  0%| F|  |TAMS 0x00000000fee00000, 0x00000000fee00000| Untracked 
|  47|0x00000000fef00000, 0x00000000fef00000, 0x00000000ff000000|  0%| F|  |TAMS 0x00000000fef00000, 0x00000000fef00000| Untracked 
|  48|0x00000000ff000000, 0x00000000ff0a3f38, 0x00000000ff100000| 64%| E|  |TAMS 0x00000000ff000000, 0x00000000ff000000| Complete 
|  49|0x00000000ff100000, 0x00000000ff200000, 0x00000000ff200000|100%| E|CS|TAMS 0x00000000ff100000, 0x00000000ff100000| Complete 
|  50|0x00000000ff200000, 0x00000000ff300000, 0x00000000ff300000|100%| E|CS|TAMS 0x00000000ff200000, 0x00000000ff200000| Complete 
|  51|0x00000000ff300000, 0x00000000ff400000, 0x00000000ff400000|100%| E|CS|TAMS 0x00000000ff300000, 0x00000000ff300000| Complete 
|  52|0x00000000ff400000, 0x00000000ff500000, 0x00000000ff500000|100%| E|CS|TAMS 0x00000000ff400000, 0x00000000ff400000| Complete 
|  53|0x00000000ff500000, 0x00000000ff600000, 0x00000000ff600000|100%| E|CS|TAMS 0x00000000ff500000, 0x00000000ff500000| Complete 
|  54|0x00000000ff600000, 0x00000000ff700000, 0x00000000ff700000|100%| E|CS|TAMS 0x00000000ff600000, 0x00000000ff600000| Complete 
|  55|0x00000000ff700000, 0x00000000ff800000, 0x00000000ff800000|100%| E|CS|TAMS 0x00000000ff700000, 0x00000000ff700000| Complete 
|  56|0x00000000ff800000, 0x00000000ff900000, 0x00000000ff900000|100%| E|CS|TAMS 0x00000000ff800000, 0x00000000ff800000| Complete 
|  57|0x00000000ff900000, 0x00000000ffa00000, 0x00000000ffa00000|100%| E|CS|TAMS 0x00000000ff900000, 0x00000000ff900000| Complete 
|  58|0x00000000ffa00000, 0x00000000ffb00000, 0x00000000ffb00000|100%| E|CS|TAMS 0x00000000ffa00000, 0x00000000ffa00000| Complete 
|  59|0x00000000ffb00000, 0x00000000ffc00000, 0x00000000ffc00000|100%| E|CS|TAMS 0x00000000ffb00000, 0x00000000ffb00000| Complete 
|  60|0x00000000ffc00000, 0x00000000ffd00000, 0x00000000ffd00000|100%| E|CS|TAMS 0x00000000ffc00000, 0x00000000ffc00000| Complete 
|  61|0x00000000ffd00000, 0x00000000ffe00000, 0x00000000ffe00000|100%| E|CS|TAMS 0x00000000ffd00000, 0x00000000ffd00000| Complete 
|  62|0x00000000ffe00000, 0x00000000fff00000, 0x00000000fff00000|100%| E|CS|TAMS 0x00000000ffe00000, 0x00000000ffe00000| Complete 
|  63|0x00000000fff00000, 0x0000000100000000, 0x0000000100000000|100%| E|CS|TAMS 0x00000000fff00000, 0x00000000fff00000| Complete 

Card table byte_map: [0x0000028abec70000,0x0000028abec90000] _byte_map_base: 0x0000028abe490000

Marking Bits (Prev, Next): (CMBitMap*) 0x0000028ac0cadf80, (CMBitMap*) 0x0000028ac0cadfc0
 Prev Bits: [0x0000028ad7d50000, 0x0000028ad7e50000)
 Next Bits: [0x0000028ad7e50000, 0x0000028ad7f50000)

Polling page: 0x0000028abec10000

Metaspace:

Usage:
  Non-class:      8.91 MB used.
      Class:      1.31 MB used.
       Both:     10.22 MB used.

Virtual space:
  Non-class space:       64.00 MB reserved,       9.06 MB ( 14%) committed,  1 nodes.
      Class space:        1.00 GB reserved,       1.38 MB ( <1%) committed,  1 nodes.
             Both:        1.06 GB reserved,      10.44 MB ( <1%) committed. 

Chunk freelists:
   Non-Class:  6.29 MB
       Class:  14.45 MB
        Both:  20.74 MB

MaxMetaspaceSize: unlimited
CompressedClassSpaceSize: 1.00 GB
Initial GC threshold: 21.00 MB
Current GC threshold: 21.00 MB
CDS: on
MetaspaceReclaimPolicy: balanced
 - commit_granule_bytes: 65536.
 - commit_granule_words: 8192.
 - virtual_space_node_default_size: 8388608.
 - enlarge_chunks_in_place: 1.
 - new_chunks_are_fully_committed: 0.
 - uncommit_free_chunks: 1.
 - use_allocation_guard: 0.
 - handle_deallocations: 1.


Internal statistics:

num_allocs_failed_limit: 0.
num_arena_births: 84.
num_arena_deaths: 0.
num_vsnodes_births: 2.
num_vsnodes_deaths: 0.
num_space_committed: 167.
num_space_uncommitted: 0.
num_chunks_returned_to_freelist: 0.
num_chunks_taken_from_freelist: 362.
num_chunk_merges: 0.
num_chunk_splits: 239.
num_chunks_enlarged: 197.
num_inconsistent_stats: 0.

CodeHeap 'non-profiled nmethods': size=120000Kb used=878Kb max_used=878Kb free=119121Kb
 bounds [0x0000028ad02d0000, 0x0000028ad0540000, 0x0000028ad7800000]
CodeHeap 'profiled nmethods': size=120000Kb used=4009Kb max_used=4009Kb free=115990Kb
 bounds [0x0000028ac8800000, 0x0000028ac8bf0000, 0x0000028acfd30000]
CodeHeap 'non-nmethods': size=5760Kb used=1187Kb max_used=1207Kb free=4572Kb
 bounds [0x0000028acfd30000, 0x0000028acffa0000, 0x0000028ad02d0000]
 total_blobs=2577 nmethods=2092 adapters=397
 compilation: enabled
              stopped_count=0, restarted_count=0
 full_count=0

Compilation events (20 events):
Event: 213.973 Thread 0x0000028adab3c870 2083       3       org.fusesource.jansi.Ansi::appendEscapeSequence (44 bytes)
Event: 213.976 Thread 0x0000028adab3c870 nmethod 2083 0x0000028ac8be7a10 code [0x0000028ac8be7c20, 0x0000028ac8be8028]
Event: 213.976 Thread 0x0000028adab3c870 2084       3       java.nio.ByteBuffer::array (35 bytes)
Event: 213.976 Thread 0x0000028adab3c870 nmethod 2084 0x0000028ac8be8290 code [0x0000028ac8be8460, 0x0000028ac8be8718]
Event: 219.268 Thread 0x0000028adab3c870 2085       3       java.util.ArrayDeque::addFirst (51 bytes)
Event: 219.270 Thread 0x0000028adab3c870 nmethod 2085 0x0000028ac8be8890 code [0x0000028ac8be8a60, 0x0000028ac8be8f18]
Event: 219.270 Thread 0x0000028adab3c870 2086       3       java.util.ArrayDeque::dec (13 bytes)
Event: 219.271 Thread 0x0000028adab3c870 nmethod 2086 0x0000028ac8be9090 code [0x0000028ac8be9220, 0x0000028ac8be9358]
Event: 231.921 Thread 0x0000028adab30510 2087       4       java.util.HashMap$HashIterator::<init> (79 bytes)
Event: 231.950 Thread 0x0000028adab30510 nmethod 2087 0x0000028ad03a8d90 code [0x0000028ad03a8f20, 0x0000028ad03a9298]
Event: 238.751 Thread 0x0000028adab30510 2088       4       java.util.concurrent.locks.ReentrantLock$NonfairSync::initialTryLock (58 bytes)
Event: 238.793 Thread 0x0000028adab30510 nmethod 2088 0x0000028ad03a9410 code [0x0000028ad03a95a0, 0x0000028ad03a9718]
Event: 241.478 Thread 0x0000028adab3c870 2089       3       com.google.common.collect.ImmutableList::asImmutableList (69 bytes)
Event: 241.545 Thread 0x0000028adab3c870 nmethod 2089 0x0000028ac8be9410 code [0x0000028ac8be9640, 0x0000028ac8be9de8]
Event: 248.151 Thread 0x0000028adab3c870 2090       3       java.lang.invoke.MethodHandleNatives::findMethodHandleType (7 bytes)
Event: 248.154 Thread 0x0000028adab3c870 nmethod 2090 0x0000028ac8bea110 code [0x0000028ac8bea2c0, 0x0000028ac8bea3e8]
Event: 248.332 Thread 0x0000028adab30510 2092       4       jdk.internal.org.objectweb.asm.Symbol::<init> (38 bytes)
Event: 248.338 Thread 0x0000028adab30510 nmethod 2092 0x0000028ad03a9a90 code [0x0000028ad03a9c00, 0x0000028ad03a9f18]
Event: 248.338 Thread 0x0000028adab30510 2093       4       jdk.internal.org.objectweb.asm.SymbolTable::put (150 bytes)
Event: 248.347 Thread 0x0000028adab3c870 2094       3       java.lang.invoke.MethodHandles$Lookup::checkSecurityManager (97 bytes)

GC Heap History (4 events):
Event: 1.073 GC heap before
{Heap before GC invocations=0 (full 0):
 garbage-first heap   total 65536K, used 22528K [0x00000000fc000000, 0x0000000100000000)
  region size 1024K, 23 young (23552K), 0 survivors (0K)
 Metaspace       used 1783K, committed 1920K, reserved 1114112K
  class space    used 162K, committed 192K, reserved 1048576K
}
Event: 1.079 GC heap after
{Heap after GC invocations=1 (full 0):
 garbage-first heap   total 65536K, used 1984K [0x00000000fc000000, 0x0000000100000000)
  region size 1024K, 2 young (2048K), 2 survivors (2048K)
 Metaspace       used 1783K, committed 1920K, reserved 1114112K
  class space    used 162K, committed 192K, reserved 1048576K
}
Event: 2.841 GC heap before
{Heap before GC invocations=1 (full 0):
 garbage-first heap   total 65536K, used 34752K [0x00000000fc000000, 0x0000000100000000)
  region size 1024K, 32 young (32768K), 2 survivors (2048K)
 Metaspace       used 7879K, committed 8192K, reserved 1114112K
  class space    used 1062K, committed 1216K, reserved 1048576K
}
Event: 2.851 GC heap after
{Heap after GC invocations=2 (full 0):
 garbage-first heap   total 65536K, used 11018K [0x00000000fc000000, 0x0000000100000000)
  region size 1024K, 4 young (4096K), 4 survivors (4096K)
 Metaspace       used 7879K, committed 8192K, reserved 1114112K
  class space    used 1062K, committed 1216K, reserved 1048576K
}

Dll operation events (13 events):
Event: 0.048 Loaded shared library C:\Users\srira\AppData\Local\Programs\Eclipse Adoptium\jdk-17.0.17.10-hotspot\bin\java.dll
Event: 0.107 Loaded shared library C:\Users\srira\AppData\Local\Programs\Eclipse Adoptium\jdk-17.0.17.10-hotspot\bin\jsvml.dll
Event: 0.221 Loaded shared library C:\Users\srira\AppData\Local\Programs\Eclipse Adoptium\jdk-17.0.17.10-hotspot\bin\net.dll
Event: 0.229 Loaded shared library C:\Users\srira\AppData\Local\Programs\Eclipse Adoptium\jdk-17.0.17.10-hotspot\bin\nio.dll
Event: 0.246 Loaded shared library C:\Users\srira\AppData\Local\Programs\Eclipse Adoptium\jdk-17.0.17.10-hotspot\bin\zip.dll
Event: 1.007 Loaded shared library C:\Users\srira\AppData\Local\Programs\Eclipse Adoptium\jdk-17.0.17.10-hotspot\bin\jimage.dll
Event: 1.656 Loaded shared library C:\Users\srira\AppData\Local\Programs\Eclipse Adoptium\jdk-17.0.17.10-hotspot\bin\management.dll
Event: 1.661 Loaded shared library C:\Users\srira\AppData\Local\Programs\Eclipse Adoptium\jdk-17.0.17.10-hotspot\bin\management_ext.dll
Event: 1.731 Loaded shared library C:\Users\srira\AppData\Local\Programs\Eclipse Adoptium\jdk-17.0.17.10-hotspot\bin\verify.dll
Event: 1.749 Loaded shared library C:\Users\srira\.gradle\native\1def1411415f61bf3af743bc5b6707747c0891f09f0c88961ee8f79bc544acac\windows-amd64\native-platform.dll
Event: 1.819 Loaded shared library C:\Users\srira\.gradle\native\jansi\1.18\windows64\jansi.dll
Event: 2.339 Loaded shared library C:\Users\srira\AppData\Local\Programs\Eclipse Adoptium\jdk-17.0.17.10-hotspot\bin\extnet.dll
Event: 7.923 Loaded shared library C:\Users\srira\AppData\Local\Programs\Eclipse Adoptium\jdk-17.0.17.10-hotspot\bin\sunmscapi.dll

Deoptimization events (20 events):
Event: 3.500 Thread 0x0000028b20b41270 Uncommon trap: trap_request=0xffffff45 fr.pc=0x0000028ad03222d8 relative=0x0000000000000138
Event: 3.500 Thread 0x0000028b20b41270 Uncommon trap: reason=unstable_if action=reinterpret pc=0x0000028ad03222d8 method=java.lang.AbstractStringBuilder.putStringAt(ILjava/lang/String;II)V @ 8 c2
Event: 3.500 Thread 0x0000028b20b41270 DEOPT PACKING pc=0x0000028ad03222d8 sp=0x000000c1778fec70
Event: 3.500 Thread 0x0000028b20b41270 DEOPT UNPACKING pc=0x0000028acfd869a3 sp=0x000000c1778fec38 mode 2
Event: 3.500 Thread 0x0000028b20b41270 Uncommon trap: trap_request=0xffffff45 fr.pc=0x0000028ad032331c relative=0x00000000000000fc
Event: 3.500 Thread 0x0000028b20b41270 Uncommon trap: reason=unstable_if action=reinterpret pc=0x0000028ad032331c method=java.lang.String.getBytes([BIIBI)V @ 6 c2
Event: 3.500 Thread 0x0000028b20b41270 DEOPT PACKING pc=0x0000028ad032331c sp=0x000000c1778febe0
Event: 3.500 Thread 0x0000028b20b41270 DEOPT UNPACKING pc=0x0000028acfd869a3 sp=0x000000c1778feba8 mode 2
Event: 3.500 Thread 0x0000028b20b41270 Uncommon trap: trap_request=0xffffff45 fr.pc=0x0000028ad034576c relative=0x00000000000003cc
Event: 3.500 Thread 0x0000028b20b41270 Uncommon trap: reason=unstable_if action=reinterpret pc=0x0000028ad034576c method=java.lang.AbstractStringBuilder.isLatin1()Z @ 10 c2
Event: 3.500 Thread 0x0000028b20b41270 DEOPT PACKING pc=0x0000028ad034576c sp=0x000000c1778fedc0
Event: 3.500 Thread 0x0000028b20b41270 DEOPT UNPACKING pc=0x0000028acfd869a3 sp=0x000000c1778fed40 mode 2
Event: 7.826 Thread 0x0000028b20b41270 Uncommon trap: trap_request=0xffffff45 fr.pc=0x0000028ad02e0120 relative=0x0000000000000080
Event: 7.826 Thread 0x0000028b20b41270 Uncommon trap: reason=unstable_if action=reinterpret pc=0x0000028ad02e0120 method=java.lang.String.codePointAt(I)I @ 4 c2
Event: 7.826 Thread 0x0000028b20b41270 DEOPT PACKING pc=0x0000028ad02e0120 sp=0x000000c1778fed30
Event: 7.826 Thread 0x0000028b20b41270 DEOPT UNPACKING pc=0x0000028acfd869a3 sp=0x000000c1778fecc8 mode 2
Event: 7.969 Thread 0x0000028ac0c8c340 Uncommon trap: trap_request=0xffffff45 fr.pc=0x0000028ad0315984 relative=0x0000000000000a64
Event: 7.969 Thread 0x0000028ac0c8c340 Uncommon trap: reason=unstable_if action=reinterpret pc=0x0000028ad0315984 method=java.util.HashMap.putVal(ILjava/lang/Object;Ljava/lang/Object;ZZ)Ljava/lang/Object; @ 162 c2
Event: 7.969 Thread 0x0000028ac0c8c340 DEOPT PACKING pc=0x0000028ad0315984 sp=0x000000c175bfb2b0
Event: 7.969 Thread 0x0000028ac0c8c340 DEOPT UNPACKING pc=0x0000028acfd869a3 sp=0x000000c175bfb1e8 mode 2

Classes loaded (20 events):
Event: 68.769 Loading class java/util/ArrayList$ListItr done
Event: 247.729 Loading class java/io/ObjectInputStream
Event: 247.948 Loading class java/io/ObjectInput
Event: 247.955 Loading class java/io/ObjectInput done
Event: 247.955 Loading class java/io/ObjectStreamConstants
Event: 247.978 Loading class java/io/ObjectStreamConstants done
Event: 247.996 Loading class java/io/ObjectInputStream done
Event: 248.027 Loading class java/io/ObjectOutputStream
Event: 248.042 Loading class java/io/ObjectOutput
Event: 248.043 Loading class java/io/ObjectOutput done
Event: 248.045 Loading class java/io/ObjectOutputStream done
Event: 248.055 Loading class java/lang/UnsupportedClassVersionError
Event: 248.055 Loading class java/lang/ClassFormatError
Event: 248.056 Loading class java/lang/ClassFormatError done
Event: 248.057 Loading class java/lang/UnsupportedClassVersionError done
Event: 248.149 Loading class jdk/internal/access/JavaObjectInputStreamAccess
Event: 248.151 Loading class jdk/internal/access/JavaObjectInputStreamAccess done
Event: 248.343 Loading class jdk/internal/access/JavaObjectInputStreamReadString
Event: 248.346 Loading class jdk/internal/access/JavaObjectInputStreamReadString done
Event: 250.368 Loading class java/io/ObjectInputStream$BlockDataInputStream

Classes unloaded (0 events):
No events

Classes redefined (0 events):
No events

Internal exceptions (20 events):
Event: 1.683 Thread 0x0000028ac0c8c340 Exception <a 'java/lang/NoSuchMethodError'{0x00000000ff1d10e8}: 'void java.lang.invoke.DirectMethodHandle$Holder.invokeStatic(java.lang.Object, java.lang.Object)'> (0x00000000ff1d10e8) 
thrown [s\src\hotspot\share\interpreter\linkResolver.cpp, line 759]
Event: 1.686 Thread 0x0000028ac0c8c340 Implicit null exception at 0x0000028ad033718a to 0x0000028ad033767c
Event: 1.765 Thread 0x0000028ac0c8c340 Exception <a 'java/lang/NoSuchMethodError'{0x00000000fef7eaa0}: 'java.lang.Object java.lang.invoke.Invokers$Holder.invoker(java.lang.Object, java.lang.Object, java.lang.Object)'> (0x00000000fef7eaa0) 
thrown [s\src\hotspot\share\interpreter\linkResolver.cpp, line 759]
Event: 1.767 Thread 0x0000028ac0c8c340 Exception <a 'java/lang/NoSuchMethodError'{0x00000000fef87e38}: 'java.lang.Object java.lang.invoke.DirectMethodHandle$Holder.invokeStatic(java.lang.Object, java.lang.Object, int)'> (0x00000000fef87e38) 
thrown [s\src\hotspot\share\interpreter\linkResolver.cpp, line 759]
Event: 1.770 Thread 0x0000028ac0c8c340 Exception <a 'java/lang/NoSuchMethodError'{0x00000000fef93b28}: 'void java.lang.invoke.DelegatingMethodHandle$Holder.delegate(java.lang.Object, java.lang.Object, int, java.lang.Object)'> (0x00000000fef93b28) 
thrown [s\src\hotspot\share\interpreter\linkResolver.cpp, line 759]
Event: 1.774 Thread 0x0000028ac0c8c340 Exception <a 'java/lang/NoSuchMethodError'{0x00000000fefa7170}: 'java.lang.Object java.lang.invoke.Invokers$Holder.invokeExact_MT(java.lang.Object, java.lang.Object, java.lang.Object, java.lang.Object)'> (0x00000000fefa7170) 
thrown [s\src\hotspot\share\interpreter\linkResolver.cpp, line 759]
Event: 1.787 Thread 0x0000028ac0c8c340 Exception <a 'java/lang/NoSuchMethodError'{0x00000000fefd4c58}: 'java.lang.Object java.lang.invoke.DirectMethodHandle$Holder.invokeVirtual(java.lang.Object, java.lang.Object, java.lang.Object)'> (0x00000000fefd4c58) 
thrown [s\src\hotspot\share\interpreter\linkResolver.cpp, line 759]
Event: 1.929 Thread 0x0000028ac0c8c340 Exception <a 'java/lang/NoSuchMethodError'{0x00000000febbf928}: 'java.lang.Object java.lang.invoke.DirectMethodHandle$Holder.newInvokeSpecial(java.lang.Object, java.lang.Object, java.lang.Object, java.lang.Object, java.lang.Object)'> (0x00000000febbf928) 
thrown [s\src\hotspot\share\interpreter\linkResolver.cpp, line 759]
Event: 1.969 Thread 0x0000028ac0c8c340 Exception <a 'java/lang/NoSuchMethodError'{0x00000000feaf35b8}: 'void java.lang.invoke.DirectMethodHandle$Holder.invokeSpecial(java.lang.Object, java.lang.Object, java.lang.Object)'> (0x00000000feaf35b8) 
thrown [s\src\hotspot\share\interpreter\linkResolver.cpp, line 759]
Event: 1.973 Thread 0x0000028ac0c8c340 Implicit null exception at 0x0000028ad031a28a to 0x0000028ad031a77c
Event: 2.346 Thread 0x0000028ac0c8c340 Exception <a 'java/lang/NoSuchMethodError'{0x00000000fe58e738}: 'void java.lang.invoke.DirectMethodHandle$Holder.invokeStatic(java.lang.Object, java.lang.Object, java.lang.Object)'> (0x00000000fe58e738) 
thrown [s\src\hotspot\share\interpreter\linkResolver.cpp, line 759]
Event: 2.546 Thread 0x0000028ac0c8c340 Exception <a 'java/lang/NoSuchMethodError'{0x00000000fe0732a0}: 'java.lang.Object java.lang.invoke.DirectMethodHandle$Holder.invokeStaticInit(java.lang.Object, int, int, int, int)'> (0x00000000fe0732a0) 
thrown [s\src\hotspot\share\interpreter\linkResolver.cpp, line 759]
Event: 2.993 Thread 0x0000028ac0c8c340 Exception <a 'java/lang/NoSuchMethodError'{0x00000000fff4b1c0}: 'java.lang.Object java.lang.invoke.DirectMethodHandle$Holder.invokeStaticInit(java.lang.Object, java.lang.Object, int, int, int, int)'> (0x00000000fff4b1c0) 
thrown [s\src\hotspot\share\interpreter\linkResolver.cpp, line 759]
Event: 3.043 Thread 0x0000028ac0c8c340 Implicit null exception at 0x0000028ad0320255 to 0x0000028ad032080c
Event: 3.046 Thread 0x0000028ac0c8c340 Implicit null exception at 0x0000028ad03226d2 to 0x0000028ad0322c94
Event: 3.445 Thread 0x0000028b20b41270 Exception <a 'java/lang/NoSuchMethodError'{0x00000000ff78e480}: 'void java.lang.invoke.DirectMethodHandle$Holder.invokeStatic(java.lang.Object, long)'> (0x00000000ff78e480) 
thrown [s\src\hotspot\share\interpreter\linkResolver.cpp, line 759]
Event: 3.446 Thread 0x0000028b20b41270 Exception <a 'java/lang/NoSuchMethodError'{0x00000000ff793dd8}: 'java.lang.Object java.lang.invoke.DirectMethodHandle$Holder.newInvokeSpecial(java.lang.Object, long)'> (0x00000000ff793dd8) 
thrown [s\src\hotspot\share\interpreter\linkResolver.cpp, line 759]
Event: 3.451 Thread 0x0000028b20b41270 Exception <a 'java/lang/NoSuchMethodError'{0x00000000ff79e9f0}: 'java.lang.Object java.lang.invoke.DirectMethodHandle$Holder.invokeStaticInit(java.lang.Object, java.lang.Object, long, java.lang.Object)'> (0x00000000ff79e9f0) 
thrown [s\src\hotspot\share\interpreter\linkResolver.cpp, line 759]
Event: 3.452 Thread 0x0000028b20b41270 Exception <a 'java/lang/NoSuchMethodError'{0x00000000ff7a5078}: 'java.lang.Object java.lang.invoke.DirectMethodHandle$Holder.newInvokeSpecial(java.lang.Object, java.lang.Object, long)'> (0x00000000ff7a5078) 
thrown [s\src\hotspot\share\interpreter\linkResolver.cpp, line 759]
Event: 3.453 Thread 0x0000028b20b41270 Exception <a 'java/lang/NoSuchMethodError'{0x00000000ff7a9368}: 'java.lang.Object java.lang.invoke.Invokers$Holder.linkToTargetMethod(java.lang.Object, long, java.lang.Object)'> (0x00000000ff7a9368) 
thrown [s\src\hotspot\share\interpreter\linkResolver.cpp, line 759]

VM Operations (20 events):
Event: 157.632 Executing VM operation: Cleanup
Event: 157.632 Executing VM operation: Cleanup done
Event: 162.669 Executing VM operation: Cleanup
Event: 162.669 Executing VM operation: Cleanup done
Event: 180.456 Executing VM operation: HandshakeAllThreads
Event: 180.457 Executing VM operation: HandshakeAllThreads done
Event: 182.477 Executing VM operation: Cleanup
Event: 182.477 Executing VM operation: Cleanup done
Event: 198.632 Executing VM operation: Cleanup
Event: 198.632 Executing VM operation: Cleanup done
Event: 212.760 Executing VM operation: Cleanup
Event: 212.760 Executing VM operation: Cleanup done
Event: 214.777 Executing VM operation: Cleanup
Event: 214.777 Executing VM operation: Cleanup done
Event: 238.997 Executing VM operation: Cleanup
Event: 239.080 Executing VM operation: Cleanup done
Event: 240.714 Executing VM operation: HandshakeAllThreads
Event: 240.715 Executing VM operation: HandshakeAllThreads done
Event: 247.782 Executing VM operation: Cleanup
Event: 248.014 Executing VM operation: Cleanup done

Memory protections (0 events):
No events

Nmethod flushes (0 events):
No events

Events (20 events):
Event: 0.169 Thread 0x0000028ac0c8c340 Thread added: 0x0000028adab2e4d0
Event: 0.169 Thread 0x0000028ac0c8c340 Thread added: 0x0000028adab2eda0
Event: 0.170 Thread 0x0000028ac0c8c340 Thread added: 0x0000028adab30510
Event: 0.170 Thread 0x0000028ac0c8c340 Thread added: 0x0000028adab3c870
Event: 0.170 Thread 0x0000028ac0c8c340 Thread added: 0x0000028adab3f930
Event: 0.210 Thread 0x0000028ac0c8c340 Thread added: 0x0000028b2009af20
Event: 0.212 Thread 0x0000028ac0c8c340 Thread added: 0x0000028b2009eac0
Event: 0.977 Thread 0x0000028adab30510 Thread added: 0x0000028b200cc3b0
Event: 1.859 Thread 0x0000028ac0c8c340 Thread added: 0x0000028b210d31b0
Event: 2.324 Thread 0x0000028b200cc3b0 Thread exited: 0x0000028b200cc3b0
Event: 3.145 Thread 0x0000028adab3c870 Thread added: 0x0000028b200c93e0
Event: 3.423 Thread 0x0000028ac0c8c340 Thread added: 0x0000028b20b41270
Event: 3.457 Thread 0x0000028b20b41270 Thread added: 0x0000028b20b41b50
Event: 3.457 Thread 0x0000028b20b41b50 Thread exited: 0x0000028b20b41b50
Event: 3.459 Thread 0x0000028b20b41270 Thread added: 0x0000028b20b41b50
Event: 3.763 Thread 0x0000028b200c93e0 Thread exited: 0x0000028b200c93e0
Event: 7.830 Thread 0x0000028b20b41270 Thread exited: 0x0000028b20b41270
Event: 7.830 Thread 0x0000028b20b41b50 Thread exited: 0x0000028b20b41b50
Event: 7.958 Thread 0x0000028adab3c870 Thread added: 0x0000028b200c93e0
Event: 9.562 Thread 0x0000028b200c93e0 Thread exited: 0x0000028b200c93e0


Dynamic libraries:
0x00007ff7453f0000 - 0x00007ff7453fe000 	C:\Users\srira\AppData\Local\Programs\Eclipse Adoptium\jdk-17.0.17.10-hotspot\bin\java.exe
0x00007ffdfc8a0000 - 0x00007ffdfcb07000 	C:\WINDOWS\SYSTEM32\ntdll.dll
0x00007ffdfb490000 - 0x00007ffdfb559000 	C:\WINDOWS\System32\KERNEL32.DLL
0x00007ffdf9370000 - 0x00007ffdf9761000 	C:\WINDOWS\System32\KERNELBASE.dll
0x00007ffdfa0a0000 - 0x00007ffdfa1eb000 	C:\WINDOWS\System32\ucrtbase.dll
0x00007ffd664c0000 - 0x00007ffd664d8000 	C:\Users\srira\AppData\Local\Programs\Eclipse Adoptium\jdk-17.0.17.10-hotspot\bin\jli.dll
0x00007ffd66980000 - 0x00007ffd6699e000 	C:\Users\srira\AppData\Local\Programs\Eclipse Adoptium\jdk-17.0.17.10-hotspot\bin\VCRUNTIME140.dll
0x00007ffdfbf40000 - 0x00007ffdfc105000 	C:\WINDOWS\System32\USER32.dll
0x00007ffdf9180000 - 0x00007ffdf91a7000 	C:\WINDOWS\System32\win32u.dll
0x00007ffde04f0000 - 0x00007ffde0783000 	C:\WINDOWS\WinSxS\amd64_microsoft.windows.common-controls_6595b64144ccf1df_6.0.26100.8037_none_3e092faae333b53b\COMCTL32.dll
0x00007ffdfc310000 - 0x00007ffdfc33b000 	C:\WINDOWS\System32\GDI32.dll
0x00007ffdfc390000 - 0x00007ffdfc439000 	C:\WINDOWS\System32\msvcrt.dll
0x00007ffdf9240000 - 0x00007ffdf936b000 	C:\WINDOWS\System32\gdi32full.dll
0x00007ffdfa420000 - 0x00007ffdfa4c3000 	C:\WINDOWS\System32\msvcp_win.dll
0x00007ffdfa820000 - 0x00007ffdfa851000 	C:\WINDOWS\System32\IMM32.DLL
0x00007ffda7f40000 - 0x00007ffda7f4c000 	C:\Users\srira\AppData\Local\Programs\Eclipse Adoptium\jdk-17.0.17.10-hotspot\bin\vcruntime140_1.dll
0x00007ffd6d9e0000 - 0x00007ffd6da6d000 	C:\Users\srira\AppData\Local\Programs\Eclipse Adoptium\jdk-17.0.17.10-hotspot\bin\msvcp140.dll
0x00007ffd591d0000 - 0x00007ffd59e3b000 	C:\Users\srira\AppData\Local\Programs\Eclipse Adoptium\jdk-17.0.17.10-hotspot\bin\server\jvm.dll
0x00007ffdfb560000 - 0x00007ffdfb61b000 	C:\WINDOWS\System32\ADVAPI32.dll
0x00007ffdfa960000 - 0x00007ffdfaa07000 	C:\WINDOWS\System32\sechost.dll
0x00007ffdfa6c0000 - 0x00007ffdfa7d8000 	C:\WINDOWS\System32\RPCRT4.dll
0x00007ffdfaca0000 - 0x00007ffdfad14000 	C:\WINDOWS\System32\WS2_32.dll
0x00007ffdf8fe0000 - 0x00007ffdf903e000 	C:\WINDOWS\SYSTEM32\POWRPROF.dll
0x00007ffdf37f0000 - 0x00007ffdf37fb000 	C:\WINDOWS\SYSTEM32\VERSION.dll
0x00007ffdeaca0000 - 0x00007ffdeacd5000 	C:\WINDOWS\SYSTEM32\WINMM.dll
0x00007ffdf8fc0000 - 0x00007ffdf8fd4000 	C:\WINDOWS\SYSTEM32\UMPDC.dll
0x00007ffdf7f10000 - 0x00007ffdf7f2b000 	C:\WINDOWS\SYSTEM32\kernel.appcore.dll
0x00007ffda5aa0000 - 0x00007ffda5aaa000 	C:\Users\srira\AppData\Local\Programs\Eclipse Adoptium\jdk-17.0.17.10-hotspot\bin\jimage.dll
0x00007ffdf7210000 - 0x00007ffdf7452000 	C:\WINDOWS\SYSTEM32\DBGHELP.DLL
0x00007ffdfc4d0000 - 0x00007ffdfc852000 	C:\WINDOWS\System32\combase.dll
0x00007ffdfabc0000 - 0x00007ffdfac97000 	C:\WINDOWS\System32\OLEAUT32.dll
0x00007ffde07c0000 - 0x00007ffde07fb000 	C:\WINDOWS\SYSTEM32\dbgcore.DLL
0x00007ffdfa370000 - 0x00007ffdfa415000 	C:\WINDOWS\System32\bcryptPrimitives.dll
0x00007ffd66a90000 - 0x00007ffd66ab5000 	C:\Users\srira\AppData\Local\Programs\Eclipse Adoptium\jdk-17.0.17.10-hotspot\bin\java.dll
0x00007ffd669b0000 - 0x00007ffd66a87000 	C:\Users\srira\AppData\Local\Programs\Eclipse Adoptium\jdk-17.0.17.10-hotspot\bin\jsvml.dll
0x00007ffdfad20000 - 0x00007ffdfb47f000 	C:\WINDOWS\System32\SHELL32.dll
0x00007ffdfa4d0000 - 0x00007ffdfa63a000 	C:\WINDOWS\System32\wintypes.dll
0x00007ffdf9830000 - 0x00007ffdfa094000 	C:\WINDOWS\System32\windows.storage.dll
0x00007ffdfb620000 - 0x00007ffdfb717000 	C:\WINDOWS\System32\SHCORE.dll
0x00007ffdfab50000 - 0x00007ffdfabb7000 	C:\WINDOWS\System32\shlwapi.dll
0x00007ffdf90a0000 - 0x00007ffdf90c9000 	C:\WINDOWS\SYSTEM32\profapi.dll
0x00007ffd8b900000 - 0x00007ffd8b91a000 	C:\Users\srira\AppData\Local\Programs\Eclipse Adoptium\jdk-17.0.17.10-hotspot\bin\net.dll
0x00007ffdf26f0000 - 0x00007ffdf2817000 	C:\WINDOWS\SYSTEM32\WINHTTP.dll
0x00007ffdf8480000 - 0x00007ffdf84eb000 	C:\WINDOWS\system32\mswsock.dll
0x00007ffd66580000 - 0x00007ffd66596000 	C:\Users\srira\AppData\Local\Programs\Eclipse Adoptium\jdk-17.0.17.10-hotspot\bin\nio.dll
0x00007ffd66560000 - 0x00007ffd66578000 	C:\Users\srira\AppData\Local\Programs\Eclipse Adoptium\jdk-17.0.17.10-hotspot\bin\zip.dll
0x00007ffd8b8e0000 - 0x00007ffd8b8ea000 	C:\Users\srira\AppData\Local\Programs\Eclipse Adoptium\jdk-17.0.17.10-hotspot\bin\management.dll
0x00007ffd669a0000 - 0x00007ffd669ac000 	C:\Users\srira\AppData\Local\Programs\Eclipse Adoptium\jdk-17.0.17.10-hotspot\bin\management_ext.dll
0x00007ffdfc440000 - 0x00007ffdfc448000 	C:\WINDOWS\System32\PSAPI.DLL
0x00007ffdf4000000 - 0x00007ffdf4010000 	C:\Users\srira\AppData\Local\Programs\Eclipse Adoptium\jdk-17.0.17.10-hotspot\bin\verify.dll
0x00007ffdf0bf0000 - 0x00007ffdf0c17000 	C:\Users\srira\.gradle\native\1def1411415f61bf3af743bc5b6707747c0891f09f0c88961ee8f79bc544acac\windows-amd64\native-platform.dll
0x00007ffdf0f70000 - 0x00007ffdf0f7a000 	C:\Users\srira\.gradle\native\jansi\1.18\windows64\jansi.dll
0x00007ffdf7970000 - 0x00007ffdf79a3000 	C:\WINDOWS\SYSTEM32\IPHLPAPI.DLL
0x00007ffdfa7e0000 - 0x00007ffdfa7ea000 	C:\WINDOWS\System32\NSI.dll
0x00007ffdf3800000 - 0x00007ffdf381d000 	C:\WINDOWS\SYSTEM32\dhcpcsvc6.DLL
0x00007ffdf26c0000 - 0x00007ffdf26e3000 	C:\WINDOWS\SYSTEM32\dhcpcsvc.DLL
0x00007ffdf7a10000 - 0x00007ffdf7b3a000 	C:\WINDOWS\SYSTEM32\DNSAPI.dll
0x00007ffd66550000 - 0x00007ffd66559000 	C:\Users\srira\AppData\Local\Programs\Eclipse Adoptium\jdk-17.0.17.10-hotspot\bin\extnet.dll
0x00007ffdf8760000 - 0x00007ffdf877b000 	C:\WINDOWS\SYSTEM32\CRYPTSP.dll
0x00007ffdf7e70000 - 0x00007ffdf7ea9000 	C:\WINDOWS\system32\rsaenh.dll
0x00007ffdf8530000 - 0x00007ffdf8562000 	C:\WINDOWS\SYSTEM32\USERENV.dll
0x00007ffdf9070000 - 0x00007ffdf909a000 	C:\WINDOWS\SYSTEM32\bcrypt.dll
0x00007ffdf8780000 - 0x00007ffdf878c000 	C:\WINDOWS\SYSTEM32\CRYPTBASE.dll
0x00007ffd66970000 - 0x00007ffd6697e000 	C:\Users\srira\AppData\Local\Programs\Eclipse Adoptium\jdk-17.0.17.10-hotspot\bin\sunmscapi.dll
0x00007ffdfa1f0000 - 0x00007ffdfa367000 	C:\WINDOWS\System32\CRYPT32.dll
0x00007ffdf8980000 - 0x00007ffdf89b0000 	C:\WINDOWS\SYSTEM32\ncrypt.dll
0x00007ffdf8930000 - 0x00007ffdf896f000 	C:\WINDOWS\SYSTEM32\NTASN1.dll
0x00007ffdccf80000 - 0x00007ffdccf88000 	C:\WINDOWS\system32\wshunix.dll

dbghelp: loaded successfully - version: 4.0.5 - missing functions: none
symbol engine: initialized successfully - sym options: 0x614 - pdb path: .;C:\Users\srira\AppData\Local\Programs\Eclipse Adoptium\jdk-17.0.17.10-hotspot\bin;C:\WINDOWS\SYSTEM32;C:\WINDOWS\WinSxS\amd64_microsoft.windows.common-controls_6595b64144ccf1df_6.0.26100.8037_none_3e092faae333b53b;C:\Users\srira\AppData\Local\Programs\Eclipse Adoptium\jdk-17.0.17.10-hotspot\bin\server;C:\Users\srira\.gradle\native\1def1411415f61bf3af743bc5b6707747c0891f09f0c88961ee8f79bc544acac\windows-amd64;C:\Users\srira\.gradle\native\jansi\1.18\windows64

VM Arguments:
jvm_args: -Xmx64m -Xms64m -Dorg.gradle.appname=gradlew 
java_command: C:\ServiceApp\android\\gradle\wrapper\gradle-wrapper.jar app:installDebug -PreactNativeDevServerPort=8081
java_class_path (initial): C:\ServiceApp\android\\gradle\wrapper\gradle-wrapper.jar
Launcher Type: SUN_STANDARD

[Global flags]
     intx CICompilerCount                          = 4                                         {product} {ergonomic}
     uint ConcGCThreads                            = 3                                         {product} {ergonomic}
     uint G1ConcRefinementThreads                  = 10                                        {product} {ergonomic}
   size_t G1HeapRegionSize                         = 1048576                                   {product} {ergonomic}
    uintx GCDrainStackTargetSize                   = 64                                        {product} {ergonomic}
   size_t InitialHeapSize                          = 67108864                                  {product} {command line}
   size_t MarkStackSize                            = 4194304                                   {product} {ergonomic}
   size_t MaxHeapSize                              = 67108864                                  {product} {command line}
   size_t MaxNewSize                               = 39845888                                  {product} {ergonomic}
   size_t MinHeapDeltaBytes                        = 1048576                                   {product} {ergonomic}
   size_t MinHeapSize                              = 67108864                                  {product} {command line}
    uintx NonNMethodCodeHeapSize                   = 5839372                                {pd product} {ergonomic}
    uintx NonProfiledCodeHeapSize                  = 122909434                              {pd product} {ergonomic}
    uintx ProfiledCodeHeapSize                     = 122909434                              {pd product} {ergonomic}
    uintx ReservedCodeCacheSize                    = 251658240                              {pd product} {ergonomic}
     bool SegmentedCodeCache                       = true                                      {product} {ergonomic}
   size_t SoftMaxHeapSize                          = 67108864                               {manageable} {ergonomic}
     bool UseCompressedClassPointers               = true                           {product lp64_product} {ergonomic}
     bool UseCompressedOops                        = true                           {product lp64_product} {ergonomic}
     bool UseG1GC                                  = true                                      {product} {ergonomic}
     bool UseLargePagesIndividualAllocation        = false                                  {pd product} {ergonomic}

Logging:
Log output configuration:
 #0: stdout all=warning uptime,level,tags
 #1: stderr all=off uptime,level,tags

Environment Variables:
JAVA_HOME=C:\Users\srira\AppData\Local\Programs\Eclipse Adoptium\jdk-17.0.17.10-hotspot
PATH=C:\ServiceApp\node_modules\.bin;C:\ServiceApp\node_modules\.bin;C:\node_modules\.bin;C:\Program Files\nodejs\node_modules\npm\node_modules\@npmcli\run-script\lib\node-gyp-bin;C:\WINDOWS\system32;C:\WINDOWS;C:\WINDOWS\System32\Wbem;C:\WINDOWS\System32\WindowsPowerShell\v1.0\;C:\WINDOWS\System32\OpenSSH\;C:\Program Files (x86)\Microsoft SQL Server\160\Tools\Binn\;C:\Program Files\Microsoft SQL Server\160\Tools\Binn\;C:\Program Files\Microsoft SQL Server\Client SDK\ODBC\170\Tools\Binn\;C:\Program Files\Microsoft SQL Server\160\DTS\Binn\;C:\Users\Git\cmd;C:\Program Files\nodejs\;C:\Program Files\MongoDB\Server\8.2\bin;C:\Users\srira\Downloads\mongosh-2.5.9-win32-x64\mongosh-2.5.9-win32-x64\bin;C:\Users\srira\AppData\Local\Programs\Eclipse Adoptium\jdk-17.0.17.10-hotspot\bin;C:\Users\srira\AppData\Local\Android\Sdk\platform-tools;C:\Users\srira\AppData\Local\Android\Sdk\emulator;C:\Users\srira\AppData\Local\Android\Sdk\cmdline-tools\latest\bin;C:\Users\srira\AppData\Local\Programs\Eclipse Adoptium\jdk-17.0.17.10-hotspot\bin;C:\Users\srira\AppData\Local\Programs\Eclipse Adoptium\jdk-17.0.17.10-hotspot\bin;C:\Program Files\MySQL\MySQL Shell 8.0\bin\;C:\Users\srira\AppData\Local\Microsoft\WindowsApps;C:\Users\srira\Downloads\flutter_windows_3.13.3-stable\flutter\bin;C:\src\flutter\bin;C:\Users\srira\AppData\Local\Programs\Microsoft VS Code\bin;C:\Program Files\JetBrains\IntelliJ IDEA Community Edition 2025.1.3\bin;;C:\Users\srira\AppData\Roaming\npm;C:\Program Files\Eclipse Adoptium\jdk-17;C:\Users\srira\AppData\Local\PowerToys\DSCModules\;C:\Users\srira\AppData\Local\Programs\Antigravity\bin
USERNAME=srirajr2725
LANG=en_US.UTF-8
OS=Windows_NT
PROCESSOR_IDENTIFIER=AMD64 Family 23 Model 104 Stepping 1, AuthenticAMD
TMP=C:\Users\srira\AppData\Local\Temp
TEMP=C:\Users\srira\AppData\Local\Temp



Periodic native trim disabled


---------------  S Y S T E M  ---------------

OS:
 Windows 11 , 64 bit Build 26100 (10.0.26100.7920)
OS uptime: 1 days 15:12 hours

CPU: total 12 (initial active 12) (12 cores per cpu, 2 threads per core) family 23 model 104 stepping 1 microcode 0x8608109, cx8, cmov, fxsr, ht, mmx, 3dnowpref, sse, sse2, sse3, ssse3, sse4a, sse4.1, sse4.2, popcnt, lzcnt, tsc, tscinvbit, avx, avx2, aes, clmul, bmi1, bmi2, adx, sha, fma, vzeroupper, clflush, clflushopt
Processor Information for all 12 processors :
  Max Mhz: 2100, Current Mhz: 1700, Mhz Limit: 2100

Memory: 4k page, system-wide physical 5989M (688M free)
TotalPageFile size 22373M (AvailPageFile size 0M)
current process WorkingSet (physical memory assigned to process): 29M, peak: 111M
current process commit charge ("private bytes"): 172M, peak: 175M

vm_info: OpenJDK 64-Bit Server VM (17.0.17+10) for windows-amd64 JRE (17.0.17+10), built on Oct 21 2025 23:25:32 by "admin" with unknown MS VC++:1942

END.
